[2023-02-02 17:39:09] production.ERROR: Class "Illuminate\Cookie\Middleware\EncryptCookies" not found {"exception":"[object] (Error(code: 0): Class \"Illuminate\\Cookie\\Middleware\\EncryptCookies\" not found at /home/zrqraljktk/domains/so-crates.nl/public_html/app/Http/Middleware/EncryptCookies.php:7)
[stacktrace]
#0 /home/zrqraljktk/domains/so-crates.nl/public_html/vendor/composer/ClassLoader.php(480): include()
#1 /home/zrqraljktk/domains/so-crates.nl/public_html/vendor/composer/ClassLoader.php(346): Composer\\Autoload\\includeFile()
#2 [internal function]: Composer\\Autoload\\ClassLoader->loadClass()
#3 /home/zrqraljktk/domains/so-crates.nl/public_html/vendor/laravel/framework/src/Illuminate/Routing/SortedMiddleware.php(97): class_implements()
#4 /home/zrqraljktk/domains/so-crates.nl/public_html/vendor/laravel/framework/src/Illuminate/Routing/SortedMiddleware.php(76): Illuminate\\Routing\\SortedMiddleware->middlewareNames()
#5 /home/zrqraljktk/domains/so-crates.nl/public_html/vendor/laravel/framework/src/Illuminate/Routing/SortedMiddleware.php(43): Illuminate\\Routing\\SortedMiddleware->priorityMapIndex()
#6 /home/zrqraljktk/domains/so-crates.nl/public_html/vendor/laravel/framework/src/Illuminate/Routing/SortedMiddleware.php(22): Illuminate\\Routing\\SortedMiddleware->sortMiddleware()
#7 /home/zrqraljktk/domains/so-crates.nl/public_html/vendor/laravel/framework/src/Illuminate/Routing/Router.php(792): Illuminate\\Routing\\SortedMiddleware->__construct()
#8 /home/zrqraljktk/domains/so-crates.nl/public_html/vendor/laravel/framework/src/Illuminate/Routing/Router.php(781): Illuminate\\Routing\\Router->sortMiddleware()
#9 /home/zrqraljktk/domains/so-crates.nl/public_html/vendor/laravel/framework/src/Illuminate/Routing/Router.php(739): Illuminate\\Routing\\Router->resolveMiddleware()
#10 /home/zrqraljktk/domains/so-crates.nl/public_html/vendor/laravel/framework/src/Illuminate/Routing/Router.php(721): Illuminate\\Routing\\Router->gatherRouteMiddleware()
#11 /home/zrqraljktk/domains/so-crates.nl/public_html/vendor/laravel/framework/src/Illuminate/Routing/Router.php(705): Illuminate\\Routing\\Router->runRouteWithinStack()
#12 /home/zrqraljktk/domains/so-crates.nl/public_html/vendor/laravel/framework/src/Illuminate/Routing/Router.php(669): Illuminate\\Routing\\Router->runRoute()
#13 /home/zrqraljktk/domains/so-crates.nl/public_html/vendor/laravel/framework/src/Illuminate/Routing/Router.php(658): Illuminate\\Routing\\Router->dispatchToRoute()
#14 /home/zrqraljktk/domains/so-crates.nl/public_html/vendor/laravel/framework/src/Illuminate/Foundation/Http/Kernel.php(190): Illuminate\\Routing\\Router->dispatch()
#15 /home/zrqraljktk/domains/so-crates.nl/public_html/vendor/laravel/framework/src/Illuminate/Pipeline/Pipeline.php(141): Illuminate\\Foundation\\Http\\Kernel->Illuminate\\Foundation\\Http\\{closure}()
#16 /home/zrqraljktk/domains/so-crates.nl/public_html/vendor/laravel/framework/src/Illuminate/Foundation/Http/Middleware/TransformsRequest.php(21): Illuminate\\Pipeline\\Pipeline->Illuminate\\Pipeline\\{closure}()
#17 /home/zrqraljktk/domains/so-crates.nl/public_html/vendor/laravel/framework/src/Illuminate/Foundation/Http/Middleware/ConvertEmptyStringsToNull.php(31): Illuminate\\Foundation\\Http\\Middleware\\TransformsRequest->handle()
#18 /home/zrqraljktk/domains/so-crates.nl/public_html/vendor/laravel/framework/src/Illuminate/Pipeline/Pipeline.php(180): Illuminate\\Foundation\\Http\\Middleware\\ConvertEmptyStringsToNull->handle()
#19 /home/zrqraljktk/domains/so-crates.nl/public_html/vendor/laravel/framework/src/Illuminate/Foundation/Http/Middleware/TransformsRequest.php(21): Illuminate\\Pipeline\\Pipeline->Illuminate\\Pipeline\\{closure}()
#20 /home/zrqraljktk/domains/so-crates.nl/public_html/vendor/laravel/framework/src/Illuminate/Foundation/Http/Middleware/TrimStrings.php(40): Illuminate\\Foundation\\Http\\Middleware\\TransformsRequest->handle()
#21 /home/zrqraljktk/domains/so-crates.nl/public_html/vendor/laravel/framework/src/Illuminate/Pipeline/Pipeline.php(180): Illuminate\\Foundation\\Http\\Middleware\\TrimStrings->handle()
#22 /home/zrqraljktk/domains/so-crates.nl/public_html/vendor/laravel/framework/src/Illuminate/Foundation/Http/Middleware/ValidatePostSize.php(27): Illuminate\\Pipeline\\Pipeline->Illuminate\\Pipeline\\{closure}()
#23 /home/zrqraljktk/domains/so-crates.nl/public_html/vendor/laravel/framework/src/Illuminate/Pipeline/Pipeline.php(180): Illuminate\\Foundation\\Http\\Middleware\\ValidatePostSize->handle()
#24 /home/zrqraljktk/domains/so-crates.nl/public_html/vendor/laravel/framework/src/Illuminate/Foundation/Http/Middleware/PreventRequestsDuringMaintenance.php(86): Illuminate\\Pipeline\\Pipeline->Illuminate\\Pipeline\\{closure}()
#25 /home/zrqraljktk/domains/so-crates.nl/public_html/vendor/laravel/framework/src/Illuminate/Pipeline/Pipeline.php(180): Illuminate\\Foundation\\Http\\Middleware\\PreventRequestsDuringMaintenance->handle()
#26 /home/zrqraljktk/domains/so-crates.nl/public_html/vendor/laravel/framework/src/Illuminate/Http/Middleware/HandleCors.php(49): Illuminate\\Pipeline\\Pipeline->Illuminate\\Pipeline\\{closure}()
#27 /home/zrqraljktk/domains/so-crates.nl/public_html/vendor/laravel/framework/src/Illuminate/Pipeline/Pipeline.php(180): Illuminate\\Http\\Middleware\\HandleCors->handle()
#28 /home/zrqraljktk/domains/so-crates.nl/public_html/vendor/laravel/framework/src/Illuminate/Http/Middleware/TrustProxies.php(39): Illuminate\\Pipeline\\Pipeline->Illuminate\\Pipeline\\{closure}()
#29 /home/zrqraljktk/domains/so-crates.nl/public_html/vendor/laravel/framework/src/Illuminate/Pipeline/Pipeline.php(180): Illuminate\\Http\\Middleware\\TrustProxies->handle()
#30 /home/zrqraljktk/domains/so-crates.nl/public_html/vendor/laravel/framework/src/Illuminate/Pipeline/Pipeline.php(116): Illuminate\\Pipeline\\Pipeline->Illuminate\\Pipeline\\{closure}()
#31 /home/zrqraljktk/domains/so-crates.nl/public_html/vendor/laravel/framework/src/Illuminate/Foundation/Http/Kernel.php(165): Illuminate\\Pipeline\\Pipeline->then()
#32 /home/zrqraljktk/domains/so-crates.nl/public_html/vendor/laravel/framework/src/Illuminate/Foundation/Http/Kernel.php(134): Illuminate\\Foundation\\Http\\Kernel->sendRequestThroughRouter()
#33 /home/zrqraljktk/domains/so-crates.nl/public_html/index.php(52): Illuminate\\Foundation\\Http\\Kernel->handle()
#34 {main}
"} 
[2023-02-02 17:39:09] production.ERROR: Class "Illuminate\Cookie\Middleware\EncryptCookies" not found {"exception":"[object] (Error(code: 0): Class \"Illuminate\\Cookie\\Middleware\\EncryptCookies\" not found at /home/zrqraljktk/domains/so-crates.nl/public_html/app/Http/Middleware/EncryptCookies.php:7)
[stacktrace]
#0 /home/zrqraljktk/domains/so-crates.nl/public_html/vendor/composer/ClassLoader.php(480): include()
#1 /home/zrqraljktk/domains/so-crates.nl/public_html/vendor/composer/ClassLoader.php(346): Composer\\Autoload\\includeFile()
#2 [internal function]: Composer\\Autoload\\ClassLoader->loadClass()
#3 /home/zrqraljktk/domains/so-crates.nl/public_html/vendor/laravel/framework/src/Illuminate/Routing/SortedMiddleware.php(97): class_implements()
#4 /home/zrqraljktk/domains/so-crates.nl/public_html/vendor/laravel/framework/src/Illuminate/Routing/SortedMiddleware.php(76): Illuminate\\Routing\\SortedMiddleware->middlewareNames()
#5 /home/zrqraljktk/domains/so-crates.nl/public_html/vendor/laravel/framework/src/Illuminate/Routing/SortedMiddleware.php(43): Illuminate\\Routing\\SortedMiddleware->priorityMapIndex()
#6 /home/zrqraljktk/domains/so-crates.nl/public_html/vendor/laravel/framework/src/Illuminate/Routing/SortedMiddleware.php(22): Illuminate\\Routing\\SortedMiddleware->sortMiddleware()
#7 /home/zrqraljktk/domains/so-crates.nl/public_html/vendor/laravel/framework/src/Illuminate/Routing/Router.php(792): Illuminate\\Routing\\SortedMiddleware->__construct()
#8 /home/zrqraljktk/domains/so-crates.nl/public_html/vendor/laravel/framework/src/Illuminate/Routing/Router.php(781): Illuminate\\Routing\\Router->sortMiddleware()
#9 /home/zrqraljktk/domains/so-crates.nl/public_html/vendor/laravel/framework/src/Illuminate/Routing/Router.php(739): Illuminate\\Routing\\Router->resolveMiddleware()
#10 /home/zrqraljktk/domains/so-crates.nl/public_html/vendor/laravel/framework/src/Illuminate/Foundation/Http/Kernel.php(289): Illuminate\\Routing\\Router->gatherRouteMiddleware()
#11 /home/zrqraljktk/domains/so-crates.nl/public_html/vendor/laravel/framework/src/Illuminate/Foundation/Http/Kernel.php(228): Illuminate\\Foundation\\Http\\Kernel->gatherRouteMiddleware()
#12 /home/zrqraljktk/domains/so-crates.nl/public_html/vendor/laravel/framework/src/Illuminate/Foundation/Http/Kernel.php(203): Illuminate\\Foundation\\Http\\Kernel->terminateMiddleware()
#13 /home/zrqraljktk/domains/so-crates.nl/public_html/index.php(55): Illuminate\\Foundation\\Http\\Kernel->terminate()
#14 {main}
"} 
[2023-02-02 17:39:51] production.ERROR: Class "Illuminate\Cookie\Middleware\EncryptCookies" not found {"exception":"[object] (Error(code: 0): Class \"Illuminate\\Cookie\\Middleware\\EncryptCookies\" not found at /home/zrqraljktk/domains/so-crates.nl/public_html/app/Http/Middleware/EncryptCookies.php:7)
[stacktrace]
#0 /home/zrqraljktk/domains/so-crates.nl/public_html/vendor/composer/ClassLoader.php(480): include()
#1 /home/zrqraljktk/domains/so-crates.nl/public_html/vendor/composer/ClassLoader.php(346): Composer\\Autoload\\includeFile()
#2 [internal function]: Composer\\Autoload\\ClassLoader->loadClass()
#3 /home/zrqraljktk/domains/so-crates.nl/public_html/vendor/laravel/framework/src/Illuminate/Routing/SortedMiddleware.php(97): class_implements()
#4 /home/zrqraljktk/domains/so-crates.nl/public_html/vendor/laravel/framework/src/Illuminate/Routing/SortedMiddleware.php(76): Illuminate\\Routing\\SortedMiddleware->middlewareNames()
#5 /home/zrqraljktk/domains/so-crates.nl/public_html/vendor/laravel/framework/src/Illuminate/Routing/SortedMiddleware.php(43): Illuminate\\Routing\\SortedMiddleware->priorityMapIndex()
#6 /home/zrqraljktk/domains/so-crates.nl/public_html/vendor/laravel/framework/src/Illuminate/Routing/SortedMiddleware.php(22): Illuminate\\Routing\\SortedMiddleware->sortMiddleware()
#7 /home/zrqraljktk/domains/so-crates.nl/public_html/vendor/laravel/framework/src/Illuminate/Routing/Router.php(792): Illuminate\\Routing\\SortedMiddleware->__construct()
#8 /home/zrqraljktk/domains/so-crates.nl/public_html/vendor/laravel/framework/src/Illuminate/Routing/Router.php(781): Illuminate\\Routing\\Router->sortMiddleware()
#9 /home/zrqraljktk/domains/so-crates.nl/public_html/vendor/laravel/framework/src/Illuminate/Routing/Router.php(739): Illuminate\\Routing\\Router->resolveMiddleware()
#10 /home/zrqraljktk/domains/so-crates.nl/public_html/vendor/laravel/framework/src/Illuminate/Routing/Router.php(721): Illuminate\\Routing\\Router->gatherRouteMiddleware()
#11 /home/zrqraljktk/domains/so-crates.nl/public_html/vendor/laravel/framework/src/Illuminate/Routing/Router.php(705): Illuminate\\Routing\\Router->runRouteWithinStack()
#12 /home/zrqraljktk/domains/so-crates.nl/public_html/vendor/laravel/framework/src/Illuminate/Routing/Router.php(669): Illuminate\\Routing\\Router->runRoute()
#13 /home/zrqraljktk/domains/so-crates.nl/public_html/vendor/laravel/framework/src/Illuminate/Routing/Router.php(658): Illuminate\\Routing\\Router->dispatchToRoute()
#14 /home/zrqraljktk/domains/so-crates.nl/public_html/vendor/laravel/framework/src/Illuminate/Foundation/Http/Kernel.php(190): Illuminate\\Routing\\Router->dispatch()
#15 /home/zrqraljktk/domains/so-crates.nl/public_html/vendor/laravel/framework/src/Illuminate/Pipeline/Pipeline.php(141): Illuminate\\Foundation\\Http\\Kernel->Illuminate\\Foundation\\Http\\{closure}()
#16 /home/zrqraljktk/domains/so-crates.nl/public_html/vendor/laravel/framework/src/Illuminate/Foundation/Http/Middleware/TransformsRequest.php(21): Illuminate\\Pipeline\\Pipeline->Illuminate\\Pipeline\\{closure}()
#17 /home/zrqraljktk/domains/so-crates.nl/public_html/vendor/laravel/framework/src/Illuminate/Foundation/Http/Middleware/ConvertEmptyStringsToNull.php(31): Illuminate\\Foundation\\Http\\Middleware\\TransformsRequest->handle()
#18 /home/zrqraljktk/domains/so-crates.nl/public_html/vendor/laravel/framework/src/Illuminate/Pipeline/Pipeline.php(180): Illuminate\\Foundation\\Http\\Middleware\\ConvertEmptyStringsToNull->handle()
#19 /home/zrqraljktk/domains/so-crates.nl/public_html/vendor/laravel/framework/src/Illuminate/Foundation/Http/Middleware/TransformsRequest.php(21): Illuminate\\Pipeline\\Pipeline->Illuminate\\Pipeline\\{closure}()
#20 /home/zrqraljktk/domains/so-crates.nl/public_html/vendor/laravel/framework/src/Illuminate/Foundation/Http/Middleware/TrimStrings.php(40): Illuminate\\Foundation\\Http\\Middleware\\TransformsRequest->handle()
#21 /home/zrqraljktk/domains/so-crates.nl/public_html/vendor/laravel/framework/src/Illuminate/Pipeline/Pipeline.php(180): Illuminate\\Foundation\\Http\\Middleware\\TrimStrings->handle()
#22 /home/zrqraljktk/domains/so-crates.nl/public_html/vendor/laravel/framework/src/Illuminate/Foundation/Http/Middleware/ValidatePostSize.php(27): Illuminate\\Pipeline\\Pipeline->Illuminate\\Pipeline\\{closure}()
#23 /home/zrqraljktk/domains/so-crates.nl/public_html/vendor/laravel/framework/src/Illuminate/Pipeline/Pipeline.php(180): Illuminate\\Foundation\\Http\\Middleware\\ValidatePostSize->handle()
#24 /home/zrqraljktk/domains/so-crates.nl/public_html/vendor/laravel/framework/src/Illuminate/Foundation/Http/Middleware/PreventRequestsDuringMaintenance.php(86): Illuminate\\Pipeline\\Pipeline->Illuminate\\Pipeline\\{closure}()
#25 /home/zrqraljktk/domains/so-crates.nl/public_html/vendor/laravel/framework/src/Illuminate/Pipeline/Pipeline.php(180): Illuminate\\Foundation\\Http\\Middleware\\PreventRequestsDuringMaintenance->handle()
#26 /home/zrqraljktk/domains/so-crates.nl/public_html/vendor/laravel/framework/src/Illuminate/Http/Middleware/HandleCors.php(49): Illuminate\\Pipeline\\Pipeline->Illuminate\\Pipeline\\{closure}()
#27 /home/zrqraljktk/domains/so-crates.nl/public_html/vendor/laravel/framework/src/Illuminate/Pipeline/Pipeline.php(180): Illuminate\\Http\\Middleware\\HandleCors->handle()
#28 /home/zrqraljktk/domains/so-crates.nl/public_html/vendor/laravel/framework/src/Illuminate/Http/Middleware/TrustProxies.php(39): Illuminate\\Pipeline\\Pipeline->Illuminate\\Pipeline\\{closure}()
#29 /home/zrqraljktk/domains/so-crates.nl/public_html/vendor/laravel/framework/src/Illuminate/Pipeline/Pipeline.php(180): Illuminate\\Http\\Middleware\\TrustProxies->handle()
#30 /home/zrqraljktk/domains/so-crates.nl/public_html/vendor/laravel/framework/src/Illuminate/Pipeline/Pipeline.php(116): Illuminate\\Pipeline\\Pipeline->Illuminate\\Pipeline\\{closure}()
#31 /home/zrqraljktk/domains/so-crates.nl/public_html/vendor/laravel/framework/src/Illuminate/Foundation/Http/Kernel.php(165): Illuminate\\Pipeline\\Pipeline->then()
#32 /home/zrqraljktk/domains/so-crates.nl/public_html/vendor/laravel/framework/src/Illuminate/Foundation/Http/Kernel.php(134): Illuminate\\Foundation\\Http\\Kernel->sendRequestThroughRouter()
#33 /home/zrqraljktk/domains/so-crates.nl/public_html/index.php(52): Illuminate\\Foundation\\Http\\Kernel->handle()
#34 {main}
"} 
[2023-02-02 17:39:51] production.ERROR: Class "Illuminate\Cookie\Middleware\EncryptCookies" not found {"exception":"[object] (Error(code: 0): Class \"Illuminate\\Cookie\\Middleware\\EncryptCookies\" not found at /home/zrqraljktk/domains/so-crates.nl/public_html/app/Http/Middleware/EncryptCookies.php:7)
[stacktrace]
#0 /home/zrqraljktk/domains/so-crates.nl/public_html/vendor/composer/ClassLoader.php(480): include()
#1 /home/zrqraljktk/domains/so-crates.nl/public_html/vendor/composer/ClassLoader.php(346): Composer\\Autoload\\includeFile()
#2 [internal function]: Composer\\Autoload\\ClassLoader->loadClass()
#3 /home/zrqraljktk/domains/so-crates.nl/public_html/vendor/laravel/framework/src/Illuminate/Routing/SortedMiddleware.php(97): class_implements()
#4 /home/zrqraljktk/domains/so-crates.nl/public_html/vendor/laravel/framework/src/Illuminate/Routing/SortedMiddleware.php(76): Illuminate\\Routing\\SortedMiddleware->middlewareNames()
#5 /home/zrqraljktk/domains/so-crates.nl/public_html/vendor/laravel/framework/src/Illuminate/Routing/SortedMiddleware.php(43): Illuminate\\Routing\\SortedMiddleware->priorityMapIndex()
#6 /home/zrqraljktk/domains/so-crates.nl/public_html/vendor/laravel/framework/src/Illuminate/Routing/SortedMiddleware.php(22): Illuminate\\Routing\\SortedMiddleware->sortMiddleware()
#7 /home/zrqraljktk/domains/so-crates.nl/public_html/vendor/laravel/framework/src/Illuminate/Routing/Router.php(792): Illuminate\\Routing\\SortedMiddleware->__construct()
#8 /home/zrqraljktk/domains/so-crates.nl/public_html/vendor/laravel/framework/src/Illuminate/Routing/Router.php(781): Illuminate\\Routing\\Router->sortMiddleware()
#9 /home/zrqraljktk/domains/so-crates.nl/public_html/vendor/laravel/framework/src/Illuminate/Routing/Router.php(739): Illuminate\\Routing\\Router->resolveMiddleware()
#10 /home/zrqraljktk/domains/so-crates.nl/public_html/vendor/laravel/framework/src/Illuminate/Foundation/Http/Kernel.php(289): Illuminate\\Routing\\Router->gatherRouteMiddleware()
#11 /home/zrqraljktk/domains/so-crates.nl/public_html/vendor/laravel/framework/src/Illuminate/Foundation/Http/Kernel.php(228): Illuminate\\Foundation\\Http\\Kernel->gatherRouteMiddleware()
#12 /home/zrqraljktk/domains/so-crates.nl/public_html/vendor/laravel/framework/src/Illuminate/Foundation/Http/Kernel.php(203): Illuminate\\Foundation\\Http\\Kernel->terminateMiddleware()
#13 /home/zrqraljktk/domains/so-crates.nl/public_html/index.php(55): Illuminate\\Foundation\\Http\\Kernel->terminate()
#14 {main}
"} 
[2023-02-02 17:40:43] production.ERROR: Class "Illuminate\Cookie\Middleware\EncryptCookies" not found {"exception":"[object] (Error(code: 0): Class \"Illuminate\\Cookie\\Middleware\\EncryptCookies\" not found at /home/zrqraljktk/domains/so-crates.nl/public_html/app/Http/Middleware/EncryptCookies.php:7)
[stacktrace]
#0 /home/zrqraljktk/domains/so-crates.nl/public_html/vendor/composer/ClassLoader.php(480): include()
#1 /home/zrqraljktk/domains/so-crates.nl/public_html/vendor/composer/ClassLoader.php(346): Composer\\Autoload\\includeFile()
#2 [internal function]: Composer\\Autoload\\ClassLoader->loadClass()
#3 /home/zrqraljktk/domains/so-crates.nl/public_html/vendor/laravel/framework/src/Illuminate/Routing/SortedMiddleware.php(97): class_implements()
#4 /home/zrqraljktk/domains/so-crates.nl/public_html/vendor/laravel/framework/src/Illuminate/Routing/SortedMiddleware.php(76): Illuminate\\Routing\\SortedMiddleware->middlewareNames()
#5 /home/zrqraljktk/domains/so-crates.nl/public_html/vendor/laravel/framework/src/Illuminate/Routing/SortedMiddleware.php(43): Illuminate\\Routing\\SortedMiddleware->priorityMapIndex()
#6 /home/zrqraljktk/domains/so-crates.nl/public_html/vendor/laravel/framework/src/Illuminate/Routing/SortedMiddleware.php(22): Illuminate\\Routing\\SortedMiddleware->sortMiddleware()
#7 /home/zrqraljktk/domains/so-crates.nl/public_html/vendor/laravel/framework/src/Illuminate/Routing/Router.php(792): Illuminate\\Routing\\SortedMiddleware->__construct()
#8 /home/zrqraljktk/domains/so-crates.nl/public_html/vendor/laravel/framework/src/Illuminate/Routing/Router.php(781): Illuminate\\Routing\\Router->sortMiddleware()
#9 /home/zrqraljktk/domains/so-crates.nl/public_html/vendor/laravel/framework/src/Illuminate/Routing/Router.php(739): Illuminate\\Routing\\Router->resolveMiddleware()
#10 /home/zrqraljktk/domains/so-crates.nl/public_html/vendor/laravel/framework/src/Illuminate/Routing/Router.php(721): Illuminate\\Routing\\Router->gatherRouteMiddleware()
#11 /home/zrqraljktk/domains/so-crates.nl/public_html/vendor/laravel/framework/src/Illuminate/Routing/Router.php(705): Illuminate\\Routing\\Router->runRouteWithinStack()
#12 /home/zrqraljktk/domains/so-crates.nl/public_html/vendor/laravel/framework/src/Illuminate/Routing/Router.php(669): Illuminate\\Routing\\Router->runRoute()
#13 /home/zrqraljktk/domains/so-crates.nl/public_html/vendor/laravel/framework/src/Illuminate/Routing/Router.php(658): Illuminate\\Routing\\Router->dispatchToRoute()
#14 /home/zrqraljktk/domains/so-crates.nl/public_html/vendor/laravel/framework/src/Illuminate/Foundation/Http/Kernel.php(190): Illuminate\\Routing\\Router->dispatch()
#15 /home/zrqraljktk/domains/so-crates.nl/public_html/vendor/laravel/framework/src/Illuminate/Pipeline/Pipeline.php(141): Illuminate\\Foundation\\Http\\Kernel->Illuminate\\Foundation\\Http\\{closure}()
#16 /home/zrqraljktk/domains/so-crates.nl/public_html/vendor/laravel/framework/src/Illuminate/Foundation/Http/Middleware/TransformsRequest.php(21): Illuminate\\Pipeline\\Pipeline->Illuminate\\Pipeline\\{closure}()
#17 /home/zrqraljktk/domains/so-crates.nl/public_html/vendor/laravel/framework/src/Illuminate/Foundation/Http/Middleware/ConvertEmptyStringsToNull.php(31): Illuminate\\Foundation\\Http\\Middleware\\TransformsRequest->handle()
#18 /home/zrqraljktk/domains/so-crates.nl/public_html/vendor/laravel/framework/src/Illuminate/Pipeline/Pipeline.php(180): Illuminate\\Foundation\\Http\\Middleware\\ConvertEmptyStringsToNull->handle()
#19 /home/zrqraljktk/domains/so-crates.nl/public_html/vendor/laravel/framework/src/Illuminate/Foundation/Http/Middleware/TransformsRequest.php(21): Illuminate\\Pipeline\\Pipeline->Illuminate\\Pipeline\\{closure}()
#20 /home/zrqraljktk/domains/so-crates.nl/public_html/vendor/laravel/framework/src/Illuminate/Foundation/Http/Middleware/TrimStrings.php(40): Illuminate\\Foundation\\Http\\Middleware\\TransformsRequest->handle()
#21 /home/zrqraljktk/domains/so-crates.nl/public_html/vendor/laravel/framework/src/Illuminate/Pipeline/Pipeline.php(180): Illuminate\\Foundation\\Http\\Middleware\\TrimStrings->handle()
#22 /home/zrqraljktk/domains/so-crates.nl/public_html/vendor/laravel/framework/src/Illuminate/Foundation/Http/Middleware/ValidatePostSize.php(27): Illuminate\\Pipeline\\Pipeline->Illuminate\\Pipeline\\{closure}()
#23 /home/zrqraljktk/domains/so-crates.nl/public_html/vendor/laravel/framework/src/Illuminate/Pipeline/Pipeline.php(180): Illuminate\\Foundation\\Http\\Middleware\\ValidatePostSize->handle()
#24 /home/zrqraljktk/domains/so-crates.nl/public_html/vendor/laravel/framework/src/Illuminate/Foundation/Http/Middleware/PreventRequestsDuringMaintenance.php(86): Illuminate\\Pipeline\\Pipeline->Illuminate\\Pipeline\\{closure}()
#25 /home/zrqraljktk/domains/so-crates.nl/public_html/vendor/laravel/framework/src/Illuminate/Pipeline/Pipeline.php(180): Illuminate\\Foundation\\Http\\Middleware\\PreventRequestsDuringMaintenance->handle()
#26 /home/zrqraljktk/domains/so-crates.nl/public_html/vendor/laravel/framework/src/Illuminate/Http/Middleware/HandleCors.php(49): Illuminate\\Pipeline\\Pipeline->Illuminate\\Pipeline\\{closure}()
#27 /home/zrqraljktk/domains/so-crates.nl/public_html/vendor/laravel/framework/src/Illuminate/Pipeline/Pipeline.php(180): Illuminate\\Http\\Middleware\\HandleCors->handle()
#28 /home/zrqraljktk/domains/so-crates.nl/public_html/vendor/laravel/framework/src/Illuminate/Http/Middleware/TrustProxies.php(39): Illuminate\\Pipeline\\Pipeline->Illuminate\\Pipeline\\{closure}()
#29 /home/zrqraljktk/domains/so-crates.nl/public_html/vendor/laravel/framework/src/Illuminate/Pipeline/Pipeline.php(180): Illuminate\\Http\\Middleware\\TrustProxies->handle()
#30 /home/zrqraljktk/domains/so-crates.nl/public_html/vendor/laravel/framework/src/Illuminate/Pipeline/Pipeline.php(116): Illuminate\\Pipeline\\Pipeline->Illuminate\\Pipeline\\{closure}()
#31 /home/zrqraljktk/domains/so-crates.nl/public_html/vendor/laravel/framework/src/Illuminate/Foundation/Http/Kernel.php(165): Illuminate\\Pipeline\\Pipeline->then()
#32 /home/zrqraljktk/domains/so-crates.nl/public_html/vendor/laravel/framework/src/Illuminate/Foundation/Http/Kernel.php(134): Illuminate\\Foundation\\Http\\Kernel->sendRequestThroughRouter()
#33 /home/zrqraljktk/domains/so-crates.nl/public_html/index.php(52): Illuminate\\Foundation\\Http\\Kernel->handle()
#34 {main}
"} 
[2023-02-02 17:40:43] production.ERROR: Class "Illuminate\Cookie\Middleware\EncryptCookies" not found {"exception":"[object] (Error(code: 0): Class \"Illuminate\\Cookie\\Middleware\\EncryptCookies\" not found at /home/zrqraljktk/domains/so-crates.nl/public_html/app/Http/Middleware/EncryptCookies.php:7)
[stacktrace]
#0 /home/zrqraljktk/domains/so-crates.nl/public_html/vendor/composer/ClassLoader.php(480): include()
#1 /home/zrqraljktk/domains/so-crates.nl/public_html/vendor/composer/ClassLoader.php(346): Composer\\Autoload\\includeFile()
#2 [internal function]: Composer\\Autoload\\ClassLoader->loadClass()
#3 /home/zrqraljktk/domains/so-crates.nl/public_html/vendor/laravel/framework/src/Illuminate/Routing/SortedMiddleware.php(97): class_implements()
#4 /home/zrqraljktk/domains/so-crates.nl/public_html/vendor/laravel/framework/src/Illuminate/Routing/SortedMiddleware.php(76): Illuminate\\Routing\\SortedMiddleware->middlewareNames()
#5 /home/zrqraljktk/domains/so-crates.nl/public_html/vendor/laravel/framework/src/Illuminate/Routing/SortedMiddleware.php(43): Illuminate\\Routing\\SortedMiddleware->priorityMapIndex()
#6 /home/zrqraljktk/domains/so-crates.nl/public_html/vendor/laravel/framework/src/Illuminate/Routing/SortedMiddleware.php(22): Illuminate\\Routing\\SortedMiddleware->sortMiddleware()
#7 /home/zrqraljktk/domains/so-crates.nl/public_html/vendor/laravel/framework/src/Illuminate/Routing/Router.php(792): Illuminate\\Routing\\SortedMiddleware->__construct()
#8 /home/zrqraljktk/domains/so-crates.nl/public_html/vendor/laravel/framework/src/Illuminate/Routing/Router.php(781): Illuminate\\Routing\\Router->sortMiddleware()
#9 /home/zrqraljktk/domains/so-crates.nl/public_html/vendor/laravel/framework/src/Illuminate/Routing/Router.php(739): Illuminate\\Routing\\Router->resolveMiddleware()
#10 /home/zrqraljktk/domains/so-crates.nl/public_html/vendor/laravel/framework/src/Illuminate/Foundation/Http/Kernel.php(289): Illuminate\\Routing\\Router->gatherRouteMiddleware()
#11 /home/zrqraljktk/domains/so-crates.nl/public_html/vendor/laravel/framework/src/Illuminate/Foundation/Http/Kernel.php(228): Illuminate\\Foundation\\Http\\Kernel->gatherRouteMiddleware()
#12 /home/zrqraljktk/domains/so-crates.nl/public_html/vendor/laravel/framework/src/Illuminate/Foundation/Http/Kernel.php(203): Illuminate\\Foundation\\Http\\Kernel->terminateMiddleware()
#13 /home/zrqraljktk/domains/so-crates.nl/public_html/index.php(55): Illuminate\\Foundation\\Http\\Kernel->terminate()
#14 {main}
"} 
[2023-02-02 17:40:54] production.ERROR: Class "Illuminate\Cookie\Middleware\EncryptCookies" not found {"exception":"[object] (Error(code: 0): Class \"Illuminate\\Cookie\\Middleware\\EncryptCookies\" not found at /home/zrqraljktk/domains/so-crates.nl/public_html/app/Http/Middleware/EncryptCookies.php:7)
[stacktrace]
#0 /home/zrqraljktk/domains/so-crates.nl/public_html/vendor/composer/ClassLoader.php(480): include()
#1 /home/zrqraljktk/domains/so-crates.nl/public_html/vendor/composer/ClassLoader.php(346): Composer\\Autoload\\includeFile()
#2 [internal function]: Composer\\Autoload\\ClassLoader->loadClass()
#3 /home/zrqraljktk/domains/so-crates.nl/public_html/vendor/laravel/framework/src/Illuminate/Routing/SortedMiddleware.php(97): class_implements()
#4 /home/zrqraljktk/domains/so-crates.nl/public_html/vendor/laravel/framework/src/Illuminate/Routing/SortedMiddleware.php(76): Illuminate\\Routing\\SortedMiddleware->middlewareNames()
#5 /home/zrqraljktk/domains/so-crates.nl/public_html/vendor/laravel/framework/src/Illuminate/Routing/SortedMiddleware.php(43): Illuminate\\Routing\\SortedMiddleware->priorityMapIndex()
#6 /home/zrqraljktk/domains/so-crates.nl/public_html/vendor/laravel/framework/src/Illuminate/Routing/SortedMiddleware.php(22): Illuminate\\Routing\\SortedMiddleware->sortMiddleware()
#7 /home/zrqraljktk/domains/so-crates.nl/public_html/vendor/laravel/framework/src/Illuminate/Routing/Router.php(792): Illuminate\\Routing\\SortedMiddleware->__construct()
#8 /home/zrqraljktk/domains/so-crates.nl/public_html/vendor/laravel/framework/src/Illuminate/Routing/Router.php(781): Illuminate\\Routing\\Router->sortMiddleware()
#9 /home/zrqraljktk/domains/so-crates.nl/public_html/vendor/laravel/framework/src/Illuminate/Routing/Router.php(739): Illuminate\\Routing\\Router->resolveMiddleware()
#10 /home/zrqraljktk/domains/so-crates.nl/public_html/vendor/laravel/framework/src/Illuminate/Routing/Router.php(721): Illuminate\\Routing\\Router->gatherRouteMiddleware()
#11 /home/zrqraljktk/domains/so-crates.nl/public_html/vendor/laravel/framework/src/Illuminate/Routing/Router.php(705): Illuminate\\Routing\\Router->runRouteWithinStack()
#12 /home/zrqraljktk/domains/so-crates.nl/public_html/vendor/laravel/framework/src/Illuminate/Routing/Router.php(669): Illuminate\\Routing\\Router->runRoute()
#13 /home/zrqraljktk/domains/so-crates.nl/public_html/vendor/laravel/framework/src/Illuminate/Routing/Router.php(658): Illuminate\\Routing\\Router->dispatchToRoute()
#14 /home/zrqraljktk/domains/so-crates.nl/public_html/vendor/laravel/framework/src/Illuminate/Foundation/Http/Kernel.php(190): Illuminate\\Routing\\Router->dispatch()
#15 /home/zrqraljktk/domains/so-crates.nl/public_html/vendor/laravel/framework/src/Illuminate/Pipeline/Pipeline.php(141): Illuminate\\Foundation\\Http\\Kernel->Illuminate\\Foundation\\Http\\{closure}()
#16 /home/zrqraljktk/domains/so-crates.nl/public_html/vendor/laravel/framework/src/Illuminate/Foundation/Http/Middleware/TransformsRequest.php(21): Illuminate\\Pipeline\\Pipeline->Illuminate\\Pipeline\\{closure}()
#17 /home/zrqraljktk/domains/so-crates.nl/public_html/vendor/laravel/framework/src/Illuminate/Foundation/Http/Middleware/ConvertEmptyStringsToNull.php(31): Illuminate\\Foundation\\Http\\Middleware\\TransformsRequest->handle()
#18 /home/zrqraljktk/domains/so-crates.nl/public_html/vendor/laravel/framework/src/Illuminate/Pipeline/Pipeline.php(180): Illuminate\\Foundation\\Http\\Middleware\\ConvertEmptyStringsToNull->handle()
#19 /home/zrqraljktk/domains/so-crates.nl/public_html/vendor/laravel/framework/src/Illuminate/Foundation/Http/Middleware/TransformsRequest.php(21): Illuminate\\Pipeline\\Pipeline->Illuminate\\Pipeline\\{closure}()
#20 /home/zrqraljktk/domains/so-crates.nl/public_html/vendor/laravel/framework/src/Illuminate/Foundation/Http/Middleware/TrimStrings.php(40): Illuminate\\Foundation\\Http\\Middleware\\TransformsRequest->handle()
#21 /home/zrqraljktk/domains/so-crates.nl/public_html/vendor/laravel/framework/src/Illuminate/Pipeline/Pipeline.php(180): Illuminate\\Foundation\\Http\\Middleware\\TrimStrings->handle()
#22 /home/zrqraljktk/domains/so-crates.nl/public_html/vendor/laravel/framework/src/Illuminate/Foundation/Http/Middleware/ValidatePostSize.php(27): Illuminate\\Pipeline\\Pipeline->Illuminate\\Pipeline\\{closure}()
#23 /home/zrqraljktk/domains/so-crates.nl/public_html/vendor/laravel/framework/src/Illuminate/Pipeline/Pipeline.php(180): Illuminate\\Foundation\\Http\\Middleware\\ValidatePostSize->handle()
#24 /home/zrqraljktk/domains/so-crates.nl/public_html/vendor/laravel/framework/src/Illuminate/Foundation/Http/Middleware/PreventRequestsDuringMaintenance.php(86): Illuminate\\Pipeline\\Pipeline->Illuminate\\Pipeline\\{closure}()
#25 /home/zrqraljktk/domains/so-crates.nl/public_html/vendor/laravel/framework/src/Illuminate/Pipeline/Pipeline.php(180): Illuminate\\Foundation\\Http\\Middleware\\PreventRequestsDuringMaintenance->handle()
#26 /home/zrqraljktk/domains/so-crates.nl/public_html/vendor/laravel/framework/src/Illuminate/Http/Middleware/HandleCors.php(49): Illuminate\\Pipeline\\Pipeline->Illuminate\\Pipeline\\{closure}()
#27 /home/zrqraljktk/domains/so-crates.nl/public_html/vendor/laravel/framework/src/Illuminate/Pipeline/Pipeline.php(180): Illuminate\\Http\\Middleware\\HandleCors->handle()
#28 /home/zrqraljktk/domains/so-crates.nl/public_html/vendor/laravel/framework/src/Illuminate/Http/Middleware/TrustProxies.php(39): Illuminate\\Pipeline\\Pipeline->Illuminate\\Pipeline\\{closure}()
#29 /home/zrqraljktk/domains/so-crates.nl/public_html/vendor/laravel/framework/src/Illuminate/Pipeline/Pipeline.php(180): Illuminate\\Http\\Middleware\\TrustProxies->handle()
#30 /home/zrqraljktk/domains/so-crates.nl/public_html/vendor/laravel/framework/src/Illuminate/Pipeline/Pipeline.php(116): Illuminate\\Pipeline\\Pipeline->Illuminate\\Pipeline\\{closure}()
#31 /home/zrqraljktk/domains/so-crates.nl/public_html/vendor/laravel/framework/src/Illuminate/Foundation/Http/Kernel.php(165): Illuminate\\Pipeline\\Pipeline->then()
#32 /home/zrqraljktk/domains/so-crates.nl/public_html/vendor/laravel/framework/src/Illuminate/Foundation/Http/Kernel.php(134): Illuminate\\Foundation\\Http\\Kernel->sendRequestThroughRouter()
#33 /home/zrqraljktk/domains/so-crates.nl/public_html/index.php(52): Illuminate\\Foundation\\Http\\Kernel->handle()
#34 {main}
"} 
[2023-02-02 17:40:54] production.ERROR: Class "Illuminate\Cookie\Middleware\EncryptCookies" not found {"exception":"[object] (Error(code: 0): Class \"Illuminate\\Cookie\\Middleware\\EncryptCookies\" not found at /home/zrqraljktk/domains/so-crates.nl/public_html/app/Http/Middleware/EncryptCookies.php:7)
[stacktrace]
#0 /home/zrqraljktk/domains/so-crates.nl/public_html/vendor/composer/ClassLoader.php(480): include()
#1 /home/zrqraljktk/domains/so-crates.nl/public_html/vendor/composer/ClassLoader.php(346): Composer\\Autoload\\includeFile()
#2 [internal function]: Composer\\Autoload\\ClassLoader->loadClass()
#3 /home/zrqraljktk/domains/so-crates.nl/public_html/vendor/laravel/framework/src/Illuminate/Routing/SortedMiddleware.php(97): class_implements()
#4 /home/zrqraljktk/domains/so-crates.nl/public_html/vendor/laravel/framework/src/Illuminate/Routing/SortedMiddleware.php(76): Illuminate\\Routing\\SortedMiddleware->middlewareNames()
#5 /home/zrqraljktk/domains/so-crates.nl/public_html/vendor/laravel/framework/src/Illuminate/Routing/SortedMiddleware.php(43): Illuminate\\Routing\\SortedMiddleware->priorityMapIndex()
#6 /home/zrqraljktk/domains/so-crates.nl/public_html/vendor/laravel/framework/src/Illuminate/Routing/SortedMiddleware.php(22): Illuminate\\Routing\\SortedMiddleware->sortMiddleware()
#7 /home/zrqraljktk/domains/so-crates.nl/public_html/vendor/laravel/framework/src/Illuminate/Routing/Router.php(792): Illuminate\\Routing\\SortedMiddleware->__construct()
#8 /home/zrqraljktk/domains/so-crates.nl/public_html/vendor/laravel/framework/src/Illuminate/Routing/Router.php(781): Illuminate\\Routing\\Router->sortMiddleware()
#9 /home/zrqraljktk/domains/so-crates.nl/public_html/vendor/laravel/framework/src/Illuminate/Routing/Router.php(739): Illuminate\\Routing\\Router->resolveMiddleware()
#10 /home/zrqraljktk/domains/so-crates.nl/public_html/vendor/laravel/framework/src/Illuminate/Foundation/Http/Kernel.php(289): Illuminate\\Routing\\Router->gatherRouteMiddleware()
#11 /home/zrqraljktk/domains/so-crates.nl/public_html/vendor/laravel/framework/src/Illuminate/Foundation/Http/Kernel.php(228): Illuminate\\Foundation\\Http\\Kernel->gatherRouteMiddleware()
#12 /home/zrqraljktk/domains/so-crates.nl/public_html/vendor/laravel/framework/src/Illuminate/Foundation/Http/Kernel.php(203): Illuminate\\Foundation\\Http\\Kernel->terminateMiddleware()
#13 /home/zrqraljktk/domains/so-crates.nl/public_html/index.php(55): Illuminate\\Foundation\\Http\\Kernel->terminate()
#14 {main}
"} 
[2023-02-02 17:41:21] production.ERROR: Class "Illuminate\Cookie\Middleware\EncryptCookies" not found {"exception":"[object] (Error(code: 0): Class \"Illuminate\\Cookie\\Middleware\\EncryptCookies\" not found at /home/zrqraljktk/domains/so-crates.nl/public_html/app/Http/Middleware/EncryptCookies.php:7)
[stacktrace]
#0 /home/zrqraljktk/domains/so-crates.nl/public_html/vendor/composer/ClassLoader.php(480): include()
#1 /home/zrqraljktk/domains/so-crates.nl/public_html/vendor/composer/ClassLoader.php(346): Composer\\Autoload\\includeFile()
#2 [internal function]: Composer\\Autoload\\ClassLoader->loadClass()
#3 /home/zrqraljktk/domains/so-crates.nl/public_html/vendor/laravel/framework/src/Illuminate/Routing/SortedMiddleware.php(97): class_implements()
#4 /home/zrqraljktk/domains/so-crates.nl/public_html/vendor/laravel/framework/src/Illuminate/Routing/SortedMiddleware.php(76): Illuminate\\Routing\\SortedMiddleware->middlewareNames()
#5 /home/zrqraljktk/domains/so-crates.nl/public_html/vendor/laravel/framework/src/Illuminate/Routing/SortedMiddleware.php(43): Illuminate\\Routing\\SortedMiddleware->priorityMapIndex()
#6 /home/zrqraljktk/domains/so-crates.nl/public_html/vendor/laravel/framework/src/Illuminate/Routing/SortedMiddleware.php(22): Illuminate\\Routing\\SortedMiddleware->sortMiddleware()
#7 /home/zrqraljktk/domains/so-crates.nl/public_html/vendor/laravel/framework/src/Illuminate/Routing/Router.php(792): Illuminate\\Routing\\SortedMiddleware->__construct()
#8 /home/zrqraljktk/domains/so-crates.nl/public_html/vendor/laravel/framework/src/Illuminate/Routing/Router.php(781): Illuminate\\Routing\\Router->sortMiddleware()
#9 /home/zrqraljktk/domains/so-crates.nl/public_html/vendor/laravel/framework/src/Illuminate/Routing/Router.php(739): Illuminate\\Routing\\Router->resolveMiddleware()
#10 /home/zrqraljktk/domains/so-crates.nl/public_html/vendor/laravel/framework/src/Illuminate/Routing/Router.php(721): Illuminate\\Routing\\Router->gatherRouteMiddleware()
#11 /home/zrqraljktk/domains/so-crates.nl/public_html/vendor/laravel/framework/src/Illuminate/Routing/Router.php(705): Illuminate\\Routing\\Router->runRouteWithinStack()
#12 /home/zrqraljktk/domains/so-crates.nl/public_html/vendor/laravel/framework/src/Illuminate/Routing/Router.php(669): Illuminate\\Routing\\Router->runRoute()
#13 /home/zrqraljktk/domains/so-crates.nl/public_html/vendor/laravel/framework/src/Illuminate/Routing/Router.php(658): Illuminate\\Routing\\Router->dispatchToRoute()
#14 /home/zrqraljktk/domains/so-crates.nl/public_html/vendor/laravel/framework/src/Illuminate/Foundation/Http/Kernel.php(190): Illuminate\\Routing\\Router->dispatch()
#15 /home/zrqraljktk/domains/so-crates.nl/public_html/vendor/laravel/framework/src/Illuminate/Pipeline/Pipeline.php(141): Illuminate\\Foundation\\Http\\Kernel->Illuminate\\Foundation\\Http\\{closure}()
#16 /home/zrqraljktk/domains/so-crates.nl/public_html/vendor/laravel/framework/src/Illuminate/Foundation/Http/Middleware/TransformsRequest.php(21): Illuminate\\Pipeline\\Pipeline->Illuminate\\Pipeline\\{closure}()
#17 /home/zrqraljktk/domains/so-crates.nl/public_html/vendor/laravel/framework/src/Illuminate/Foundation/Http/Middleware/ConvertEmptyStringsToNull.php(31): Illuminate\\Foundation\\Http\\Middleware\\TransformsRequest->handle()
#18 /home/zrqraljktk/domains/so-crates.nl/public_html/vendor/laravel/framework/src/Illuminate/Pipeline/Pipeline.php(180): Illuminate\\Foundation\\Http\\Middleware\\ConvertEmptyStringsToNull->handle()
#19 /home/zrqraljktk/domains/so-crates.nl/public_html/vendor/laravel/framework/src/Illuminate/Foundation/Http/Middleware/TransformsRequest.php(21): Illuminate\\Pipeline\\Pipeline->Illuminate\\Pipeline\\{closure}()
#20 /home/zrqraljktk/domains/so-crates.nl/public_html/vendor/laravel/framework/src/Illuminate/Foundation/Http/Middleware/TrimStrings.php(40): Illuminate\\Foundation\\Http\\Middleware\\TransformsRequest->handle()
#21 /home/zrqraljktk/domains/so-crates.nl/public_html/vendor/laravel/framework/src/Illuminate/Pipeline/Pipeline.php(180): Illuminate\\Foundation\\Http\\Middleware\\TrimStrings->handle()
#22 /home/zrqraljktk/domains/so-crates.nl/public_html/vendor/laravel/framework/src/Illuminate/Foundation/Http/Middleware/ValidatePostSize.php(27): Illuminate\\Pipeline\\Pipeline->Illuminate\\Pipeline\\{closure}()
#23 /home/zrqraljktk/domains/so-crates.nl/public_html/vendor/laravel/framework/src/Illuminate/Pipeline/Pipeline.php(180): Illuminate\\Foundation\\Http\\Middleware\\ValidatePostSize->handle()
#24 /home/zrqraljktk/domains/so-crates.nl/public_html/vendor/laravel/framework/src/Illuminate/Foundation/Http/Middleware/PreventRequestsDuringMaintenance.php(86): Illuminate\\Pipeline\\Pipeline->Illuminate\\Pipeline\\{closure}()
#25 /home/zrqraljktk/domains/so-crates.nl/public_html/vendor/laravel/framework/src/Illuminate/Pipeline/Pipeline.php(180): Illuminate\\Foundation\\Http\\Middleware\\PreventRequestsDuringMaintenance->handle()
#26 /home/zrqraljktk/domains/so-crates.nl/public_html/vendor/laravel/framework/src/Illuminate/Http/Middleware/HandleCors.php(49): Illuminate\\Pipeline\\Pipeline->Illuminate\\Pipeline\\{closure}()
#27 /home/zrqraljktk/domains/so-crates.nl/public_html/vendor/laravel/framework/src/Illuminate/Pipeline/Pipeline.php(180): Illuminate\\Http\\Middleware\\HandleCors->handle()
#28 /home/zrqraljktk/domains/so-crates.nl/public_html/vendor/laravel/framework/src/Illuminate/Http/Middleware/TrustProxies.php(39): Illuminate\\Pipeline\\Pipeline->Illuminate\\Pipeline\\{closure}()
#29 /home/zrqraljktk/domains/so-crates.nl/public_html/vendor/laravel/framework/src/Illuminate/Pipeline/Pipeline.php(180): Illuminate\\Http\\Middleware\\TrustProxies->handle()
#30 /home/zrqraljktk/domains/so-crates.nl/public_html/vendor/laravel/framework/src/Illuminate/Pipeline/Pipeline.php(116): Illuminate\\Pipeline\\Pipeline->Illuminate\\Pipeline\\{closure}()
#31 /home/zrqraljktk/domains/so-crates.nl/public_html/vendor/laravel/framework/src/Illuminate/Foundation/Http/Kernel.php(165): Illuminate\\Pipeline\\Pipeline->then()
#32 /home/zrqraljktk/domains/so-crates.nl/public_html/vendor/laravel/framework/src/Illuminate/Foundation/Http/Kernel.php(134): Illuminate\\Foundation\\Http\\Kernel->sendRequestThroughRouter()
#33 /home/zrqraljktk/domains/so-crates.nl/public_html/index.php(52): Illuminate\\Foundation\\Http\\Kernel->handle()
#34 {main}
"} 
[2023-02-02 17:41:21] production.ERROR: Class "Illuminate\Cookie\Middleware\EncryptCookies" not found {"exception":"[object] (Error(code: 0): Class \"Illuminate\\Cookie\\Middleware\\EncryptCookies\" not found at /home/zrqraljktk/domains/so-crates.nl/public_html/app/Http/Middleware/EncryptCookies.php:7)
[stacktrace]
#0 /home/zrqraljktk/domains/so-crates.nl/public_html/vendor/composer/ClassLoader.php(480): include()
#1 /home/zrqraljktk/domains/so-crates.nl/public_html/vendor/composer/ClassLoader.php(346): Composer\\Autoload\\includeFile()
#2 [internal function]: Composer\\Autoload\\ClassLoader->loadClass()
#3 /home/zrqraljktk/domains/so-crates.nl/public_html/vendor/laravel/framework/src/Illuminate/Routing/SortedMiddleware.php(97): class_implements()
#4 /home/zrqraljktk/domains/so-crates.nl/public_html/vendor/laravel/framework/src/Illuminate/Routing/SortedMiddleware.php(76): Illuminate\\Routing\\SortedMiddleware->middlewareNames()
#5 /home/zrqraljktk/domains/so-crates.nl/public_html/vendor/laravel/framework/src/Illuminate/Routing/SortedMiddleware.php(43): Illuminate\\Routing\\SortedMiddleware->priorityMapIndex()
#6 /home/zrqraljktk/domains/so-crates.nl/public_html/vendor/laravel/framework/src/Illuminate/Routing/SortedMiddleware.php(22): Illuminate\\Routing\\SortedMiddleware->sortMiddleware()
#7 /home/zrqraljktk/domains/so-crates.nl/public_html/vendor/laravel/framework/src/Illuminate/Routing/Router.php(792): Illuminate\\Routing\\SortedMiddleware->__construct()
#8 /home/zrqraljktk/domains/so-crates.nl/public_html/vendor/laravel/framework/src/Illuminate/Routing/Router.php(781): Illuminate\\Routing\\Router->sortMiddleware()
#9 /home/zrqraljktk/domains/so-crates.nl/public_html/vendor/laravel/framework/src/Illuminate/Routing/Router.php(739): Illuminate\\Routing\\Router->resolveMiddleware()
#10 /home/zrqraljktk/domains/so-crates.nl/public_html/vendor/laravel/framework/src/Illuminate/Foundation/Http/Kernel.php(289): Illuminate\\Routing\\Router->gatherRouteMiddleware()
#11 /home/zrqraljktk/domains/so-crates.nl/public_html/vendor/laravel/framework/src/Illuminate/Foundation/Http/Kernel.php(228): Illuminate\\Foundation\\Http\\Kernel->gatherRouteMiddleware()
#12 /home/zrqraljktk/domains/so-crates.nl/public_html/vendor/laravel/framework/src/Illuminate/Foundation/Http/Kernel.php(203): Illuminate\\Foundation\\Http\\Kernel->terminateMiddleware()
#13 /home/zrqraljktk/domains/so-crates.nl/public_html/index.php(55): Illuminate\\Foundation\\Http\\Kernel->terminate()
#14 {main}
"} 
[2023-02-02 17:43:33] production.ERROR: Class "Illuminate\Cookie\Middleware\EncryptCookies" not found {"exception":"[object] (Error(code: 0): Class \"Illuminate\\Cookie\\Middleware\\EncryptCookies\" not found at /home/zrqraljktk/domains/so-crates.nl/public_html/app/Http/Middleware/EncryptCookies.php:7)
[stacktrace]
#0 /home/zrqraljktk/domains/so-crates.nl/public_html/vendor/composer/ClassLoader.php(480): include()
#1 /home/zrqraljktk/domains/so-crates.nl/public_html/vendor/composer/ClassLoader.php(346): Composer\\Autoload\\includeFile()
#2 [internal function]: Composer\\Autoload\\ClassLoader->loadClass()
#3 /home/zrqraljktk/domains/so-crates.nl/public_html/vendor/laravel/framework/src/Illuminate/Routing/SortedMiddleware.php(97): class_implements()
#4 /home/zrqraljktk/domains/so-crates.nl/public_html/vendor/laravel/framework/src/Illuminate/Routing/SortedMiddleware.php(76): Illuminate\\Routing\\SortedMiddleware->middlewareNames()
#5 /home/zrqraljktk/domains/so-crates.nl/public_html/vendor/laravel/framework/src/Illuminate/Routing/SortedMiddleware.php(43): Illuminate\\Routing\\SortedMiddleware->priorityMapIndex()
#6 /home/zrqraljktk/domains/so-crates.nl/public_html/vendor/laravel/framework/src/Illuminate/Routing/SortedMiddleware.php(22): Illuminate\\Routing\\SortedMiddleware->sortMiddleware()
#7 /home/zrqraljktk/domains/so-crates.nl/public_html/vendor/laravel/framework/src/Illuminate/Routing/Router.php(792): Illuminate\\Routing\\SortedMiddleware->__construct()
#8 /home/zrqraljktk/domains/so-crates.nl/public_html/vendor/laravel/framework/src/Illuminate/Routing/Router.php(781): Illuminate\\Routing\\Router->sortMiddleware()
#9 /home/zrqraljktk/domains/so-crates.nl/public_html/vendor/laravel/framework/src/Illuminate/Routing/Router.php(739): Illuminate\\Routing\\Router->resolveMiddleware()
#10 /home/zrqraljktk/domains/so-crates.nl/public_html/vendor/laravel/framework/src/Illuminate/Routing/Router.php(721): Illuminate\\Routing\\Router->gatherRouteMiddleware()
#11 /home/zrqraljktk/domains/so-crates.nl/public_html/vendor/laravel/framework/src/Illuminate/Routing/Router.php(705): Illuminate\\Routing\\Router->runRouteWithinStack()
#12 /home/zrqraljktk/domains/so-crates.nl/public_html/vendor/laravel/framework/src/Illuminate/Routing/Router.php(669): Illuminate\\Routing\\Router->runRoute()
#13 /home/zrqraljktk/domains/so-crates.nl/public_html/vendor/laravel/framework/src/Illuminate/Routing/Router.php(658): Illuminate\\Routing\\Router->dispatchToRoute()
#14 /home/zrqraljktk/domains/so-crates.nl/public_html/vendor/laravel/framework/src/Illuminate/Foundation/Http/Kernel.php(190): Illuminate\\Routing\\Router->dispatch()
#15 /home/zrqraljktk/domains/so-crates.nl/public_html/vendor/laravel/framework/src/Illuminate/Pipeline/Pipeline.php(141): Illuminate\\Foundation\\Http\\Kernel->Illuminate\\Foundation\\Http\\{closure}()
#16 /home/zrqraljktk/domains/so-crates.nl/public_html/vendor/laravel/framework/src/Illuminate/Foundation/Http/Middleware/TransformsRequest.php(21): Illuminate\\Pipeline\\Pipeline->Illuminate\\Pipeline\\{closure}()
#17 /home/zrqraljktk/domains/so-crates.nl/public_html/vendor/laravel/framework/src/Illuminate/Foundation/Http/Middleware/ConvertEmptyStringsToNull.php(31): Illuminate\\Foundation\\Http\\Middleware\\TransformsRequest->handle()
#18 /home/zrqraljktk/domains/so-crates.nl/public_html/vendor/laravel/framework/src/Illuminate/Pipeline/Pipeline.php(180): Illuminate\\Foundation\\Http\\Middleware\\ConvertEmptyStringsToNull->handle()
#19 /home/zrqraljktk/domains/so-crates.nl/public_html/vendor/laravel/framework/src/Illuminate/Foundation/Http/Middleware/TransformsRequest.php(21): Illuminate\\Pipeline\\Pipeline->Illuminate\\Pipeline\\{closure}()
#20 /home/zrqraljktk/domains/so-crates.nl/public_html/vendor/laravel/framework/src/Illuminate/Foundation/Http/Middleware/TrimStrings.php(40): Illuminate\\Foundation\\Http\\Middleware\\TransformsRequest->handle()
#21 /home/zrqraljktk/domains/so-crates.nl/public_html/vendor/laravel/framework/src/Illuminate/Pipeline/Pipeline.php(180): Illuminate\\Foundation\\Http\\Middleware\\TrimStrings->handle()
#22 /home/zrqraljktk/domains/so-crates.nl/public_html/vendor/laravel/framework/src/Illuminate/Foundation/Http/Middleware/ValidatePostSize.php(27): Illuminate\\Pipeline\\Pipeline->Illuminate\\Pipeline\\{closure}()
#23 /home/zrqraljktk/domains/so-crates.nl/public_html/vendor/laravel/framework/src/Illuminate/Pipeline/Pipeline.php(180): Illuminate\\Foundation\\Http\\Middleware\\ValidatePostSize->handle()
#24 /home/zrqraljktk/domains/so-crates.nl/public_html/vendor/laravel/framework/src/Illuminate/Foundation/Http/Middleware/PreventRequestsDuringMaintenance.php(86): Illuminate\\Pipeline\\Pipeline->Illuminate\\Pipeline\\{closure}()
#25 /home/zrqraljktk/domains/so-crates.nl/public_html/vendor/laravel/framework/src/Illuminate/Pipeline/Pipeline.php(180): Illuminate\\Foundation\\Http\\Middleware\\PreventRequestsDuringMaintenance->handle()
#26 /home/zrqraljktk/domains/so-crates.nl/public_html/vendor/laravel/framework/src/Illuminate/Http/Middleware/HandleCors.php(49): Illuminate\\Pipeline\\Pipeline->Illuminate\\Pipeline\\{closure}()
#27 /home/zrqraljktk/domains/so-crates.nl/public_html/vendor/laravel/framework/src/Illuminate/Pipeline/Pipeline.php(180): Illuminate\\Http\\Middleware\\HandleCors->handle()
#28 /home/zrqraljktk/domains/so-crates.nl/public_html/vendor/laravel/framework/src/Illuminate/Http/Middleware/TrustProxies.php(39): Illuminate\\Pipeline\\Pipeline->Illuminate\\Pipeline\\{closure}()
#29 /home/zrqraljktk/domains/so-crates.nl/public_html/vendor/laravel/framework/src/Illuminate/Pipeline/Pipeline.php(180): Illuminate\\Http\\Middleware\\TrustProxies->handle()
#30 /home/zrqraljktk/domains/so-crates.nl/public_html/vendor/laravel/framework/src/Illuminate/Pipeline/Pipeline.php(116): Illuminate\\Pipeline\\Pipeline->Illuminate\\Pipeline\\{closure}()
#31 /home/zrqraljktk/domains/so-crates.nl/public_html/vendor/laravel/framework/src/Illuminate/Foundation/Http/Kernel.php(165): Illuminate\\Pipeline\\Pipeline->then()
#32 /home/zrqraljktk/domains/so-crates.nl/public_html/vendor/laravel/framework/src/Illuminate/Foundation/Http/Kernel.php(134): Illuminate\\Foundation\\Http\\Kernel->sendRequestThroughRouter()
#33 /home/zrqraljktk/domains/so-crates.nl/public_html/index.php(52): Illuminate\\Foundation\\Http\\Kernel->handle()
#34 {main}
"} 
[2023-02-02 17:43:33] production.ERROR: Class "Illuminate\Cookie\Middleware\EncryptCookies" not found {"exception":"[object] (Error(code: 0): Class \"Illuminate\\Cookie\\Middleware\\EncryptCookies\" not found at /home/zrqraljktk/domains/so-crates.nl/public_html/app/Http/Middleware/EncryptCookies.php:7)
[stacktrace]
#0 /home/zrqraljktk/domains/so-crates.nl/public_html/vendor/composer/ClassLoader.php(480): include()
#1 /home/zrqraljktk/domains/so-crates.nl/public_html/vendor/composer/ClassLoader.php(346): Composer\\Autoload\\includeFile()
#2 [internal function]: Composer\\Autoload\\ClassLoader->loadClass()
#3 /home/zrqraljktk/domains/so-crates.nl/public_html/vendor/laravel/framework/src/Illuminate/Routing/SortedMiddleware.php(97): class_implements()
#4 /home/zrqraljktk/domains/so-crates.nl/public_html/vendor/laravel/framework/src/Illuminate/Routing/SortedMiddleware.php(76): Illuminate\\Routing\\SortedMiddleware->middlewareNames()
#5 /home/zrqraljktk/domains/so-crates.nl/public_html/vendor/laravel/framework/src/Illuminate/Routing/SortedMiddleware.php(43): Illuminate\\Routing\\SortedMiddleware->priorityMapIndex()
#6 /home/zrqraljktk/domains/so-crates.nl/public_html/vendor/laravel/framework/src/Illuminate/Routing/SortedMiddleware.php(22): Illuminate\\Routing\\SortedMiddleware->sortMiddleware()
#7 /home/zrqraljktk/domains/so-crates.nl/public_html/vendor/laravel/framework/src/Illuminate/Routing/Router.php(792): Illuminate\\Routing\\SortedMiddleware->__construct()
#8 /home/zrqraljktk/domains/so-crates.nl/public_html/vendor/laravel/framework/src/Illuminate/Routing/Router.php(781): Illuminate\\Routing\\Router->sortMiddleware()
#9 /home/zrqraljktk/domains/so-crates.nl/public_html/vendor/laravel/framework/src/Illuminate/Routing/Router.php(739): Illuminate\\Routing\\Router->resolveMiddleware()
#10 /home/zrqraljktk/domains/so-crates.nl/public_html/vendor/laravel/framework/src/Illuminate/Foundation/Http/Kernel.php(289): Illuminate\\Routing\\Router->gatherRouteMiddleware()
#11 /home/zrqraljktk/domains/so-crates.nl/public_html/vendor/laravel/framework/src/Illuminate/Foundation/Http/Kernel.php(228): Illuminate\\Foundation\\Http\\Kernel->gatherRouteMiddleware()
#12 /home/zrqraljktk/domains/so-crates.nl/public_html/vendor/laravel/framework/src/Illuminate/Foundation/Http/Kernel.php(203): Illuminate\\Foundation\\Http\\Kernel->terminateMiddleware()
#13 /home/zrqraljktk/domains/so-crates.nl/public_html/index.php(55): Illuminate\\Foundation\\Http\\Kernel->terminate()
#14 {main}
"} 
[2023-02-02 17:46:32] production.ERROR: Class "Illuminate\Cookie\Middleware\EncryptCookies" not found {"exception":"[object] (Error(code: 0): Class \"Illuminate\\Cookie\\Middleware\\EncryptCookies\" not found at /home/zrqraljktk/domains/so-crates.nl/public_html/app/Http/Middleware/EncryptCookies.php:7)
[stacktrace]
#0 /home/zrqraljktk/domains/so-crates.nl/public_html/vendor/composer/ClassLoader.php(480): include()
#1 /home/zrqraljktk/domains/so-crates.nl/public_html/vendor/composer/ClassLoader.php(346): Composer\\Autoload\\includeFile()
#2 [internal function]: Composer\\Autoload\\ClassLoader->loadClass()
#3 /home/zrqraljktk/domains/so-crates.nl/public_html/vendor/laravel/framework/src/Illuminate/Routing/SortedMiddleware.php(97): class_implements()
#4 /home/zrqraljktk/domains/so-crates.nl/public_html/vendor/laravel/framework/src/Illuminate/Routing/SortedMiddleware.php(76): Illuminate\\Routing\\SortedMiddleware->middlewareNames()
#5 /home/zrqraljktk/domains/so-crates.nl/public_html/vendor/laravel/framework/src/Illuminate/Routing/SortedMiddleware.php(43): Illuminate\\Routing\\SortedMiddleware->priorityMapIndex()
#6 /home/zrqraljktk/domains/so-crates.nl/public_html/vendor/laravel/framework/src/Illuminate/Routing/SortedMiddleware.php(22): Illuminate\\Routing\\SortedMiddleware->sortMiddleware()
#7 /home/zrqraljktk/domains/so-crates.nl/public_html/vendor/laravel/framework/src/Illuminate/Routing/Router.php(792): Illuminate\\Routing\\SortedMiddleware->__construct()
#8 /home/zrqraljktk/domains/so-crates.nl/public_html/vendor/laravel/framework/src/Illuminate/Routing/Router.php(781): Illuminate\\Routing\\Router->sortMiddleware()
#9 /home/zrqraljktk/domains/so-crates.nl/public_html/vendor/laravel/framework/src/Illuminate/Routing/Router.php(739): Illuminate\\Routing\\Router->resolveMiddleware()
#10 /home/zrqraljktk/domains/so-crates.nl/public_html/vendor/laravel/framework/src/Illuminate/Routing/Router.php(721): Illuminate\\Routing\\Router->gatherRouteMiddleware()
#11 /home/zrqraljktk/domains/so-crates.nl/public_html/vendor/laravel/framework/src/Illuminate/Routing/Router.php(705): Illuminate\\Routing\\Router->runRouteWithinStack()
#12 /home/zrqraljktk/domains/so-crates.nl/public_html/vendor/laravel/framework/src/Illuminate/Routing/Router.php(669): Illuminate\\Routing\\Router->runRoute()
#13 /home/zrqraljktk/domains/so-crates.nl/public_html/vendor/laravel/framework/src/Illuminate/Routing/Router.php(658): Illuminate\\Routing\\Router->dispatchToRoute()
#14 /home/zrqraljktk/domains/so-crates.nl/public_html/vendor/laravel/framework/src/Illuminate/Foundation/Http/Kernel.php(190): Illuminate\\Routing\\Router->dispatch()
#15 /home/zrqraljktk/domains/so-crates.nl/public_html/vendor/laravel/framework/src/Illuminate/Pipeline/Pipeline.php(141): Illuminate\\Foundation\\Http\\Kernel->Illuminate\\Foundation\\Http\\{closure}()
#16 /home/zrqraljktk/domains/so-crates.nl/public_html/vendor/laravel/framework/src/Illuminate/Foundation/Http/Middleware/TransformsRequest.php(21): Illuminate\\Pipeline\\Pipeline->Illuminate\\Pipeline\\{closure}()
#17 /home/zrqraljktk/domains/so-crates.nl/public_html/vendor/laravel/framework/src/Illuminate/Foundation/Http/Middleware/ConvertEmptyStringsToNull.php(31): Illuminate\\Foundation\\Http\\Middleware\\TransformsRequest->handle()
#18 /home/zrqraljktk/domains/so-crates.nl/public_html/vendor/laravel/framework/src/Illuminate/Pipeline/Pipeline.php(180): Illuminate\\Foundation\\Http\\Middleware\\ConvertEmptyStringsToNull->handle()
#19 /home/zrqraljktk/domains/so-crates.nl/public_html/vendor/laravel/framework/src/Illuminate/Foundation/Http/Middleware/TransformsRequest.php(21): Illuminate\\Pipeline\\Pipeline->Illuminate\\Pipeline\\{closure}()
#20 /home/zrqraljktk/domains/so-crates.nl/public_html/vendor/laravel/framework/src/Illuminate/Foundation/Http/Middleware/TrimStrings.php(40): Illuminate\\Foundation\\Http\\Middleware\\TransformsRequest->handle()
#21 /home/zrqraljktk/domains/so-crates.nl/public_html/vendor/laravel/framework/src/Illuminate/Pipeline/Pipeline.php(180): Illuminate\\Foundation\\Http\\Middleware\\TrimStrings->handle()
#22 /home/zrqraljktk/domains/so-crates.nl/public_html/vendor/laravel/framework/src/Illuminate/Foundation/Http/Middleware/ValidatePostSize.php(27): Illuminate\\Pipeline\\Pipeline->Illuminate\\Pipeline\\{closure}()
#23 /home/zrqraljktk/domains/so-crates.nl/public_html/vendor/laravel/framework/src/Illuminate/Pipeline/Pipeline.php(180): Illuminate\\Foundation\\Http\\Middleware\\ValidatePostSize->handle()
#24 /home/zrqraljktk/domains/so-crates.nl/public_html/vendor/laravel/framework/src/Illuminate/Foundation/Http/Middleware/PreventRequestsDuringMaintenance.php(86): Illuminate\\Pipeline\\Pipeline->Illuminate\\Pipeline\\{closure}()
#25 /home/zrqraljktk/domains/so-crates.nl/public_html/vendor/laravel/framework/src/Illuminate/Pipeline/Pipeline.php(180): Illuminate\\Foundation\\Http\\Middleware\\PreventRequestsDuringMaintenance->handle()
#26 /home/zrqraljktk/domains/so-crates.nl/public_html/vendor/laravel/framework/src/Illuminate/Http/Middleware/HandleCors.php(49): Illuminate\\Pipeline\\Pipeline->Illuminate\\Pipeline\\{closure}()
#27 /home/zrqraljktk/domains/so-crates.nl/public_html/vendor/laravel/framework/src/Illuminate/Pipeline/Pipeline.php(180): Illuminate\\Http\\Middleware\\HandleCors->handle()
#28 /home/zrqraljktk/domains/so-crates.nl/public_html/vendor/laravel/framework/src/Illuminate/Http/Middleware/TrustProxies.php(39): Illuminate\\Pipeline\\Pipeline->Illuminate\\Pipeline\\{closure}()
#29 /home/zrqraljktk/domains/so-crates.nl/public_html/vendor/laravel/framework/src/Illuminate/Pipeline/Pipeline.php(180): Illuminate\\Http\\Middleware\\TrustProxies->handle()
#30 /home/zrqraljktk/domains/so-crates.nl/public_html/vendor/laravel/framework/src/Illuminate/Pipeline/Pipeline.php(116): Illuminate\\Pipeline\\Pipeline->Illuminate\\Pipeline\\{closure}()
#31 /home/zrqraljktk/domains/so-crates.nl/public_html/vendor/laravel/framework/src/Illuminate/Foundation/Http/Kernel.php(165): Illuminate\\Pipeline\\Pipeline->then()
#32 /home/zrqraljktk/domains/so-crates.nl/public_html/vendor/laravel/framework/src/Illuminate/Foundation/Http/Kernel.php(134): Illuminate\\Foundation\\Http\\Kernel->sendRequestThroughRouter()
#33 /home/zrqraljktk/domains/so-crates.nl/public_html/index.php(51): Illuminate\\Foundation\\Http\\Kernel->handle()
#34 {main}
"} 
[2023-02-02 17:46:32] production.ERROR: Class "Illuminate\Cookie\Middleware\EncryptCookies" not found {"exception":"[object] (Error(code: 0): Class \"Illuminate\\Cookie\\Middleware\\EncryptCookies\" not found at /home/zrqraljktk/domains/so-crates.nl/public_html/app/Http/Middleware/EncryptCookies.php:7)
[stacktrace]
#0 /home/zrqraljktk/domains/so-crates.nl/public_html/vendor/composer/ClassLoader.php(480): include()
#1 /home/zrqraljktk/domains/so-crates.nl/public_html/vendor/composer/ClassLoader.php(346): Composer\\Autoload\\includeFile()
#2 [internal function]: Composer\\Autoload\\ClassLoader->loadClass()
#3 /home/zrqraljktk/domains/so-crates.nl/public_html/vendor/laravel/framework/src/Illuminate/Routing/SortedMiddleware.php(97): class_implements()
#4 /home/zrqraljktk/domains/so-crates.nl/public_html/vendor/laravel/framework/src/Illuminate/Routing/SortedMiddleware.php(76): Illuminate\\Routing\\SortedMiddleware->middlewareNames()
#5 /home/zrqraljktk/domains/so-crates.nl/public_html/vendor/laravel/framework/src/Illuminate/Routing/SortedMiddleware.php(43): Illuminate\\Routing\\SortedMiddleware->priorityMapIndex()
#6 /home/zrqraljktk/domains/so-crates.nl/public_html/vendor/laravel/framework/src/Illuminate/Routing/SortedMiddleware.php(22): Illuminate\\Routing\\SortedMiddleware->sortMiddleware()
#7 /home/zrqraljktk/domains/so-crates.nl/public_html/vendor/laravel/framework/src/Illuminate/Routing/Router.php(792): Illuminate\\Routing\\SortedMiddleware->__construct()
#8 /home/zrqraljktk/domains/so-crates.nl/public_html/vendor/laravel/framework/src/Illuminate/Routing/Router.php(781): Illuminate\\Routing\\Router->sortMiddleware()
#9 /home/zrqraljktk/domains/so-crates.nl/public_html/vendor/laravel/framework/src/Illuminate/Routing/Router.php(739): Illuminate\\Routing\\Router->resolveMiddleware()
#10 /home/zrqraljktk/domains/so-crates.nl/public_html/vendor/laravel/framework/src/Illuminate/Foundation/Http/Kernel.php(289): Illuminate\\Routing\\Router->gatherRouteMiddleware()
#11 /home/zrqraljktk/domains/so-crates.nl/public_html/vendor/laravel/framework/src/Illuminate/Foundation/Http/Kernel.php(228): Illuminate\\Foundation\\Http\\Kernel->gatherRouteMiddleware()
#12 /home/zrqraljktk/domains/so-crates.nl/public_html/vendor/laravel/framework/src/Illuminate/Foundation/Http/Kernel.php(203): Illuminate\\Foundation\\Http\\Kernel->terminateMiddleware()
#13 /home/zrqraljktk/domains/so-crates.nl/public_html/index.php(54): Illuminate\\Foundation\\Http\\Kernel->terminate()
#14 {main}
"} 
[2023-02-02 17:50:06] production.ERROR: Class "Illuminate\Cookie\Middleware\EncryptCookies" not found {"exception":"[object] (Error(code: 0): Class \"Illuminate\\Cookie\\Middleware\\EncryptCookies\" not found at /home/zrqraljktk/domains/so-crates.nl/public_html/app/Http/Middleware/EncryptCookies.php:7)
[stacktrace]
#0 /home/zrqraljktk/domains/so-crates.nl/public_html/vendor/composer/ClassLoader.php(480): include()
#1 /home/zrqraljktk/domains/so-crates.nl/public_html/vendor/composer/ClassLoader.php(346): Composer\\Autoload\\includeFile()
#2 [internal function]: Composer\\Autoload\\ClassLoader->loadClass()
#3 /home/zrqraljktk/domains/so-crates.nl/public_html/vendor/laravel/framework/src/Illuminate/Routing/SortedMiddleware.php(97): class_implements()
#4 /home/zrqraljktk/domains/so-crates.nl/public_html/vendor/laravel/framework/src/Illuminate/Routing/SortedMiddleware.php(76): Illuminate\\Routing\\SortedMiddleware->middlewareNames()
#5 /home/zrqraljktk/domains/so-crates.nl/public_html/vendor/laravel/framework/src/Illuminate/Routing/SortedMiddleware.php(43): Illuminate\\Routing\\SortedMiddleware->priorityMapIndex()
#6 /home/zrqraljktk/domains/so-crates.nl/public_html/vendor/laravel/framework/src/Illuminate/Routing/SortedMiddleware.php(22): Illuminate\\Routing\\SortedMiddleware->sortMiddleware()
#7 /home/zrqraljktk/domains/so-crates.nl/public_html/vendor/laravel/framework/src/Illuminate/Routing/Router.php(792): Illuminate\\Routing\\SortedMiddleware->__construct()
#8 /home/zrqraljktk/domains/so-crates.nl/public_html/vendor/laravel/framework/src/Illuminate/Routing/Router.php(781): Illuminate\\Routing\\Router->sortMiddleware()
#9 /home/zrqraljktk/domains/so-crates.nl/public_html/vendor/laravel/framework/src/Illuminate/Routing/Router.php(739): Illuminate\\Routing\\Router->resolveMiddleware()
#10 /home/zrqraljktk/domains/so-crates.nl/public_html/vendor/laravel/framework/src/Illuminate/Routing/Router.php(721): Illuminate\\Routing\\Router->gatherRouteMiddleware()
#11 /home/zrqraljktk/domains/so-crates.nl/public_html/vendor/laravel/framework/src/Illuminate/Routing/Router.php(705): Illuminate\\Routing\\Router->runRouteWithinStack()
#12 /home/zrqraljktk/domains/so-crates.nl/public_html/vendor/laravel/framework/src/Illuminate/Routing/Router.php(669): Illuminate\\Routing\\Router->runRoute()
#13 /home/zrqraljktk/domains/so-crates.nl/public_html/vendor/laravel/framework/src/Illuminate/Routing/Router.php(658): Illuminate\\Routing\\Router->dispatchToRoute()
#14 /home/zrqraljktk/domains/so-crates.nl/public_html/vendor/laravel/framework/src/Illuminate/Foundation/Http/Kernel.php(190): Illuminate\\Routing\\Router->dispatch()
#15 /home/zrqraljktk/domains/so-crates.nl/public_html/vendor/laravel/framework/src/Illuminate/Pipeline/Pipeline.php(141): Illuminate\\Foundation\\Http\\Kernel->Illuminate\\Foundation\\Http\\{closure}()
#16 /home/zrqraljktk/domains/so-crates.nl/public_html/vendor/laravel/framework/src/Illuminate/Foundation/Http/Middleware/TransformsRequest.php(21): Illuminate\\Pipeline\\Pipeline->Illuminate\\Pipeline\\{closure}()
#17 /home/zrqraljktk/domains/so-crates.nl/public_html/vendor/laravel/framework/src/Illuminate/Foundation/Http/Middleware/ConvertEmptyStringsToNull.php(31): Illuminate\\Foundation\\Http\\Middleware\\TransformsRequest->handle()
#18 /home/zrqraljktk/domains/so-crates.nl/public_html/vendor/laravel/framework/src/Illuminate/Pipeline/Pipeline.php(180): Illuminate\\Foundation\\Http\\Middleware\\ConvertEmptyStringsToNull->handle()
#19 /home/zrqraljktk/domains/so-crates.nl/public_html/vendor/laravel/framework/src/Illuminate/Foundation/Http/Middleware/TransformsRequest.php(21): Illuminate\\Pipeline\\Pipeline->Illuminate\\Pipeline\\{closure}()
#20 /home/zrqraljktk/domains/so-crates.nl/public_html/vendor/laravel/framework/src/Illuminate/Foundation/Http/Middleware/TrimStrings.php(40): Illuminate\\Foundation\\Http\\Middleware\\TransformsRequest->handle()
#21 /home/zrqraljktk/domains/so-crates.nl/public_html/vendor/laravel/framework/src/Illuminate/Pipeline/Pipeline.php(180): Illuminate\\Foundation\\Http\\Middleware\\TrimStrings->handle()
#22 /home/zrqraljktk/domains/so-crates.nl/public_html/vendor/laravel/framework/src/Illuminate/Foundation/Http/Middleware/ValidatePostSize.php(27): Illuminate\\Pipeline\\Pipeline->Illuminate\\Pipeline\\{closure}()
#23 /home/zrqraljktk/domains/so-crates.nl/public_html/vendor/laravel/framework/src/Illuminate/Pipeline/Pipeline.php(180): Illuminate\\Foundation\\Http\\Middleware\\ValidatePostSize->handle()
#24 /home/zrqraljktk/domains/so-crates.nl/public_html/vendor/laravel/framework/src/Illuminate/Foundation/Http/Middleware/PreventRequestsDuringMaintenance.php(86): Illuminate\\Pipeline\\Pipeline->Illuminate\\Pipeline\\{closure}()
#25 /home/zrqraljktk/domains/so-crates.nl/public_html/vendor/laravel/framework/src/Illuminate/Pipeline/Pipeline.php(180): Illuminate\\Foundation\\Http\\Middleware\\PreventRequestsDuringMaintenance->handle()
#26 /home/zrqraljktk/domains/so-crates.nl/public_html/vendor/laravel/framework/src/Illuminate/Http/Middleware/HandleCors.php(49): Illuminate\\Pipeline\\Pipeline->Illuminate\\Pipeline\\{closure}()
#27 /home/zrqraljktk/domains/so-crates.nl/public_html/vendor/laravel/framework/src/Illuminate/Pipeline/Pipeline.php(180): Illuminate\\Http\\Middleware\\HandleCors->handle()
#28 /home/zrqraljktk/domains/so-crates.nl/public_html/vendor/laravel/framework/src/Illuminate/Http/Middleware/TrustProxies.php(39): Illuminate\\Pipeline\\Pipeline->Illuminate\\Pipeline\\{closure}()
#29 /home/zrqraljktk/domains/so-crates.nl/public_html/vendor/laravel/framework/src/Illuminate/Pipeline/Pipeline.php(180): Illuminate\\Http\\Middleware\\TrustProxies->handle()
#30 /home/zrqraljktk/domains/so-crates.nl/public_html/vendor/laravel/framework/src/Illuminate/Pipeline/Pipeline.php(116): Illuminate\\Pipeline\\Pipeline->Illuminate\\Pipeline\\{closure}()
#31 /home/zrqraljktk/domains/so-crates.nl/public_html/vendor/laravel/framework/src/Illuminate/Foundation/Http/Kernel.php(165): Illuminate\\Pipeline\\Pipeline->then()
#32 /home/zrqraljktk/domains/so-crates.nl/public_html/vendor/laravel/framework/src/Illuminate/Foundation/Http/Kernel.php(134): Illuminate\\Foundation\\Http\\Kernel->sendRequestThroughRouter()
#33 /home/zrqraljktk/domains/so-crates.nl/public_html/index.php(52): Illuminate\\Foundation\\Http\\Kernel->handle()
#34 {main}
"} 
[2023-02-02 17:50:06] production.ERROR: Class "Illuminate\Cookie\Middleware\EncryptCookies" not found {"exception":"[object] (Error(code: 0): Class \"Illuminate\\Cookie\\Middleware\\EncryptCookies\" not found at /home/zrqraljktk/domains/so-crates.nl/public_html/app/Http/Middleware/EncryptCookies.php:7)
[stacktrace]
#0 /home/zrqraljktk/domains/so-crates.nl/public_html/vendor/composer/ClassLoader.php(480): include()
#1 /home/zrqraljktk/domains/so-crates.nl/public_html/vendor/composer/ClassLoader.php(346): Composer\\Autoload\\includeFile()
#2 [internal function]: Composer\\Autoload\\ClassLoader->loadClass()
#3 /home/zrqraljktk/domains/so-crates.nl/public_html/vendor/laravel/framework/src/Illuminate/Routing/SortedMiddleware.php(97): class_implements()
#4 /home/zrqraljktk/domains/so-crates.nl/public_html/vendor/laravel/framework/src/Illuminate/Routing/SortedMiddleware.php(76): Illuminate\\Routing\\SortedMiddleware->middlewareNames()
#5 /home/zrqraljktk/domains/so-crates.nl/public_html/vendor/laravel/framework/src/Illuminate/Routing/SortedMiddleware.php(43): Illuminate\\Routing\\SortedMiddleware->priorityMapIndex()
#6 /home/zrqraljktk/domains/so-crates.nl/public_html/vendor/laravel/framework/src/Illuminate/Routing/SortedMiddleware.php(22): Illuminate\\Routing\\SortedMiddleware->sortMiddleware()
#7 /home/zrqraljktk/domains/so-crates.nl/public_html/vendor/laravel/framework/src/Illuminate/Routing/Router.php(792): Illuminate\\Routing\\SortedMiddleware->__construct()
#8 /home/zrqraljktk/domains/so-crates.nl/public_html/vendor/laravel/framework/src/Illuminate/Routing/Router.php(781): Illuminate\\Routing\\Router->sortMiddleware()
#9 /home/zrqraljktk/domains/so-crates.nl/public_html/vendor/laravel/framework/src/Illuminate/Routing/Router.php(739): Illuminate\\Routing\\Router->resolveMiddleware()
#10 /home/zrqraljktk/domains/so-crates.nl/public_html/vendor/laravel/framework/src/Illuminate/Foundation/Http/Kernel.php(289): Illuminate\\Routing\\Router->gatherRouteMiddleware()
#11 /home/zrqraljktk/domains/so-crates.nl/public_html/vendor/laravel/framework/src/Illuminate/Foundation/Http/Kernel.php(228): Illuminate\\Foundation\\Http\\Kernel->gatherRouteMiddleware()
#12 /home/zrqraljktk/domains/so-crates.nl/public_html/vendor/laravel/framework/src/Illuminate/Foundation/Http/Kernel.php(203): Illuminate\\Foundation\\Http\\Kernel->terminateMiddleware()
#13 /home/zrqraljktk/domains/so-crates.nl/public_html/index.php(55): Illuminate\\Foundation\\Http\\Kernel->terminate()
#14 {main}
"} 
[2023-02-02 17:58:49] production.ERROR: View [user.test] not found. {"exception":"[object] (InvalidArgumentException(code: 0): View [user.test] not found. at /home/zrqraljktk/domains/so-crates.nl/public_html/vendor/laravel/framework/src/Illuminate/View/FileViewFinder.php:137)
[stacktrace]
#0 /home/zrqraljktk/domains/so-crates.nl/public_html/vendor/laravel/framework/src/Illuminate/View/FileViewFinder.php(79): Illuminate\\View\\FileViewFinder->findInPaths()
#1 /home/zrqraljktk/domains/so-crates.nl/public_html/vendor/laravel/framework/src/Illuminate/View/Factory.php(138): Illuminate\\View\\FileViewFinder->find()
#2 /home/zrqraljktk/domains/so-crates.nl/public_html/vendor/laravel/framework/src/Illuminate/Foundation/helpers.php(999): Illuminate\\View\\Factory->make()
#3 /home/zrqraljktk/domains/so-crates.nl/public_html/app/Http/Controllers/UserController.php(141): view()
#4 /home/zrqraljktk/domains/so-crates.nl/public_html/vendor/laravel/framework/src/Illuminate/Routing/Controller.php(54): App\\Http\\Controllers\\UserController->test()
#5 /home/zrqraljktk/domains/so-crates.nl/public_html/vendor/laravel/framework/src/Illuminate/Routing/ControllerDispatcher.php(43): Illuminate\\Routing\\Controller->callAction()
#6 /home/zrqraljktk/domains/so-crates.nl/public_html/vendor/laravel/framework/src/Illuminate/Routing/Route.php(260): Illuminate\\Routing\\ControllerDispatcher->dispatch()
#7 /home/zrqraljktk/domains/so-crates.nl/public_html/vendor/laravel/framework/src/Illuminate/Routing/Route.php(205): Illuminate\\Routing\\Route->runController()
#8 /home/zrqraljktk/domains/so-crates.nl/public_html/vendor/laravel/framework/src/Illuminate/Routing/Router.php(727): Illuminate\\Routing\\Route->run()
#9 /home/zrqraljktk/domains/so-crates.nl/public_html/vendor/laravel/framework/src/Illuminate/Pipeline/Pipeline.php(141): Illuminate\\Routing\\Router->Illuminate\\Routing\\{closure}()
#10 /home/zrqraljktk/domains/so-crates.nl/public_html/vendor/laravel/framework/src/Illuminate/Routing/Middleware/SubstituteBindings.php(50): Illuminate\\Pipeline\\Pipeline->Illuminate\\Pipeline\\{closure}()
#11 /home/zrqraljktk/domains/so-crates.nl/public_html/vendor/laravel/framework/src/Illuminate/Pipeline/Pipeline.php(180): Illuminate\\Routing\\Middleware\\SubstituteBindings->handle()
#12 /home/zrqraljktk/domains/so-crates.nl/public_html/vendor/laravel/framework/src/Illuminate/Foundation/Http/Middleware/VerifyCsrfToken.php(78): Illuminate\\Pipeline\\Pipeline->Illuminate\\Pipeline\\{closure}()
#13 /home/zrqraljktk/domains/so-crates.nl/public_html/vendor/laravel/framework/src/Illuminate/Pipeline/Pipeline.php(180): Illuminate\\Foundation\\Http\\Middleware\\VerifyCsrfToken->handle()
#14 /home/zrqraljktk/domains/so-crates.nl/public_html/vendor/laravel/framework/src/Illuminate/View/Middleware/ShareErrorsFromSession.php(49): Illuminate\\Pipeline\\Pipeline->Illuminate\\Pipeline\\{closure}()
#15 /home/zrqraljktk/domains/so-crates.nl/public_html/vendor/laravel/framework/src/Illuminate/Pipeline/Pipeline.php(180): Illuminate\\View\\Middleware\\ShareErrorsFromSession->handle()
#16 /home/zrqraljktk/domains/so-crates.nl/public_html/vendor/laravel/framework/src/Illuminate/Session/Middleware/StartSession.php(121): Illuminate\\Pipeline\\Pipeline->Illuminate\\Pipeline\\{closure}()
#17 /home/zrqraljktk/domains/so-crates.nl/public_html/vendor/laravel/framework/src/Illuminate/Session/Middleware/StartSession.php(64): Illuminate\\Session\\Middleware\\StartSession->handleStatefulRequest()
#18 /home/zrqraljktk/domains/so-crates.nl/public_html/vendor/laravel/framework/src/Illuminate/Pipeline/Pipeline.php(180): Illuminate\\Session\\Middleware\\StartSession->handle()
#19 /home/zrqraljktk/domains/so-crates.nl/public_html/vendor/laravel/framework/src/Illuminate/Cookie/Middleware/AddQueuedCookiesToResponse.php(37): Illuminate\\Pipeline\\Pipeline->Illuminate\\Pipeline\\{closure}()
#20 /home/zrqraljktk/domains/so-crates.nl/public_html/vendor/laravel/framework/src/Illuminate/Pipeline/Pipeline.php(180): Illuminate\\Cookie\\Middleware\\AddQueuedCookiesToResponse->handle()
#21 /home/zrqraljktk/domains/so-crates.nl/public_html/vendor/laravel/framework/src/Illuminate/Cookie/Middleware/EncryptCookies.php(67): Illuminate\\Pipeline\\Pipeline->Illuminate\\Pipeline\\{closure}()
#22 /home/zrqraljktk/domains/so-crates.nl/public_html/vendor/laravel/framework/src/Illuminate/Pipeline/Pipeline.php(180): Illuminate\\Cookie\\Middleware\\EncryptCookies->handle()
#23 /home/zrqraljktk/domains/so-crates.nl/public_html/vendor/laravel/framework/src/Illuminate/Pipeline/Pipeline.php(116): Illuminate\\Pipeline\\Pipeline->Illuminate\\Pipeline\\{closure}()
#24 /home/zrqraljktk/domains/so-crates.nl/public_html/vendor/laravel/framework/src/Illuminate/Routing/Router.php(728): Illuminate\\Pipeline\\Pipeline->then()
#25 /home/zrqraljktk/domains/so-crates.nl/public_html/vendor/laravel/framework/src/Illuminate/Routing/Router.php(705): Illuminate\\Routing\\Router->runRouteWithinStack()
#26 /home/zrqraljktk/domains/so-crates.nl/public_html/vendor/laravel/framework/src/Illuminate/Routing/Router.php(669): Illuminate\\Routing\\Router->runRoute()
#27 /home/zrqraljktk/domains/so-crates.nl/public_html/vendor/laravel/framework/src/Illuminate/Routing/Router.php(658): Illuminate\\Routing\\Router->dispatchToRoute()
#28 /home/zrqraljktk/domains/so-crates.nl/public_html/vendor/laravel/framework/src/Illuminate/Foundation/Http/Kernel.php(190): Illuminate\\Routing\\Router->dispatch()
#29 /home/zrqraljktk/domains/so-crates.nl/public_html/vendor/laravel/framework/src/Illuminate/Pipeline/Pipeline.php(141): Illuminate\\Foundation\\Http\\Kernel->Illuminate\\Foundation\\Http\\{closure}()
#30 /home/zrqraljktk/domains/so-crates.nl/public_html/vendor/laravel/framework/src/Illuminate/Foundation/Http/Middleware/TransformsRequest.php(21): Illuminate\\Pipeline\\Pipeline->Illuminate\\Pipeline\\{closure}()
#31 /home/zrqraljktk/domains/so-crates.nl/public_html/vendor/laravel/framework/src/Illuminate/Foundation/Http/Middleware/ConvertEmptyStringsToNull.php(31): Illuminate\\Foundation\\Http\\Middleware\\TransformsRequest->handle()
#32 /home/zrqraljktk/domains/so-crates.nl/public_html/vendor/laravel/framework/src/Illuminate/Pipeline/Pipeline.php(180): Illuminate\\Foundation\\Http\\Middleware\\ConvertEmptyStringsToNull->handle()
#33 /home/zrqraljktk/domains/so-crates.nl/public_html/vendor/laravel/framework/src/Illuminate/Foundation/Http/Middleware/TransformsRequest.php(21): Illuminate\\Pipeline\\Pipeline->Illuminate\\Pipeline\\{closure}()
#34 /home/zrqraljktk/domains/so-crates.nl/public_html/vendor/laravel/framework/src/Illuminate/Foundation/Http/Middleware/TrimStrings.php(40): Illuminate\\Foundation\\Http\\Middleware\\TransformsRequest->handle()
#35 /home/zrqraljktk/domains/so-crates.nl/public_html/vendor/laravel/framework/src/Illuminate/Pipeline/Pipeline.php(180): Illuminate\\Foundation\\Http\\Middleware\\TrimStrings->handle()
#36 /home/zrqraljktk/domains/so-crates.nl/public_html/vendor/laravel/framework/src/Illuminate/Foundation/Http/Middleware/ValidatePostSize.php(27): Illuminate\\Pipeline\\Pipeline->Illuminate\\Pipeline\\{closure}()
#37 /home/zrqraljktk/domains/so-crates.nl/public_html/vendor/laravel/framework/src/Illuminate/Pipeline/Pipeline.php(180): Illuminate\\Foundation\\Http\\Middleware\\ValidatePostSize->handle()
#38 /home/zrqraljktk/domains/so-crates.nl/public_html/vendor/laravel/framework/src/Illuminate/Foundation/Http/Middleware/PreventRequestsDuringMaintenance.php(86): Illuminate\\Pipeline\\Pipeline->Illuminate\\Pipeline\\{closure}()
#39 /home/zrqraljktk/domains/so-crates.nl/public_html/vendor/laravel/framework/src/Illuminate/Pipeline/Pipeline.php(180): Illuminate\\Foundation\\Http\\Middleware\\PreventRequestsDuringMaintenance->handle()
#40 /home/zrqraljktk/domains/so-crates.nl/public_html/vendor/laravel/framework/src/Illuminate/Http/Middleware/HandleCors.php(49): Illuminate\\Pipeline\\Pipeline->Illuminate\\Pipeline\\{closure}()
#41 /home/zrqraljktk/domains/so-crates.nl/public_html/vendor/laravel/framework/src/Illuminate/Pipeline/Pipeline.php(180): Illuminate\\Http\\Middleware\\HandleCors->handle()
#42 /home/zrqraljktk/domains/so-crates.nl/public_html/vendor/laravel/framework/src/Illuminate/Http/Middleware/TrustProxies.php(39): Illuminate\\Pipeline\\Pipeline->Illuminate\\Pipeline\\{closure}()
#43 /home/zrqraljktk/domains/so-crates.nl/public_html/vendor/laravel/framework/src/Illuminate/Pipeline/Pipeline.php(180): Illuminate\\Http\\Middleware\\TrustProxies->handle()
#44 /home/zrqraljktk/domains/so-crates.nl/public_html/vendor/laravel/framework/src/Illuminate/Pipeline/Pipeline.php(116): Illuminate\\Pipeline\\Pipeline->Illuminate\\Pipeline\\{closure}()
#45 /home/zrqraljktk/domains/so-crates.nl/public_html/vendor/laravel/framework/src/Illuminate/Foundation/Http/Kernel.php(165): Illuminate\\Pipeline\\Pipeline->then()
#46 /home/zrqraljktk/domains/so-crates.nl/public_html/vendor/laravel/framework/src/Illuminate/Foundation/Http/Kernel.php(134): Illuminate\\Foundation\\Http\\Kernel->sendRequestThroughRouter()
#47 /home/zrqraljktk/domains/so-crates.nl/public_html/index.php(52): Illuminate\\Foundation\\Http\\Kernel->handle()
#48 {main}
"} 
[2023-02-02 17:58:49] production.ERROR: file_put_contents(C:\Users\yusuf\Desktop\programming\php\laravel\socrates\storage\framework/sessions/xVM98fctx4UBee3SqnQiYAQMT67sKi2zb7ZsXKeA): Failed to open stream: No such file or directory {"exception":"[object] (ErrorException(code: 0): file_put_contents(C:\\Users\\yusuf\\Desktop\\programming\\php\\laravel\\socrates\\storage\\framework/sessions/xVM98fctx4UBee3SqnQiYAQMT67sKi2zb7ZsXKeA): Failed to open stream: No such file or directory at /home/zrqraljktk/domains/so-crates.nl/public_html/vendor/laravel/framework/src/Illuminate/Filesystem/Filesystem.php:190)
[stacktrace]
#0 /home/zrqraljktk/domains/so-crates.nl/public_html/vendor/laravel/framework/src/Illuminate/Foundation/Bootstrap/HandleExceptions.php(259): Illuminate\\Foundation\\Bootstrap\\HandleExceptions->handleError()
#1 [internal function]: Illuminate\\Foundation\\Bootstrap\\HandleExceptions->Illuminate\\Foundation\\Bootstrap\\{closure}()
#2 /home/zrqraljktk/domains/so-crates.nl/public_html/vendor/laravel/framework/src/Illuminate/Filesystem/Filesystem.php(190): file_put_contents()
#3 /home/zrqraljktk/domains/so-crates.nl/public_html/vendor/laravel/framework/src/Illuminate/Session/FileSessionHandler.php(90): Illuminate\\Filesystem\\Filesystem->put()
#4 /home/zrqraljktk/domains/so-crates.nl/public_html/vendor/laravel/framework/src/Illuminate/Session/Store.php(170): Illuminate\\Session\\FileSessionHandler->write()
#5 /home/zrqraljktk/domains/so-crates.nl/public_html/vendor/laravel/framework/src/Illuminate/Session/Middleware/StartSession.php(238): Illuminate\\Session\\Store->save()
#6 /home/zrqraljktk/domains/so-crates.nl/public_html/vendor/laravel/framework/src/Illuminate/Session/Middleware/StartSession.php(130): Illuminate\\Session\\Middleware\\StartSession->saveSession()
#7 /home/zrqraljktk/domains/so-crates.nl/public_html/vendor/laravel/framework/src/Illuminate/Session/Middleware/StartSession.php(64): Illuminate\\Session\\Middleware\\StartSession->handleStatefulRequest()
#8 /home/zrqraljktk/domains/so-crates.nl/public_html/vendor/laravel/framework/src/Illuminate/Pipeline/Pipeline.php(180): Illuminate\\Session\\Middleware\\StartSession->handle()
#9 /home/zrqraljktk/domains/so-crates.nl/public_html/vendor/laravel/framework/src/Illuminate/Cookie/Middleware/AddQueuedCookiesToResponse.php(37): Illuminate\\Pipeline\\Pipeline->Illuminate\\Pipeline\\{closure}()
#10 /home/zrqraljktk/domains/so-crates.nl/public_html/vendor/laravel/framework/src/Illuminate/Pipeline/Pipeline.php(180): Illuminate\\Cookie\\Middleware\\AddQueuedCookiesToResponse->handle()
#11 /home/zrqraljktk/domains/so-crates.nl/public_html/vendor/laravel/framework/src/Illuminate/Cookie/Middleware/EncryptCookies.php(67): Illuminate\\Pipeline\\Pipeline->Illuminate\\Pipeline\\{closure}()
#12 /home/zrqraljktk/domains/so-crates.nl/public_html/vendor/laravel/framework/src/Illuminate/Pipeline/Pipeline.php(180): Illuminate\\Cookie\\Middleware\\EncryptCookies->handle()
#13 /home/zrqraljktk/domains/so-crates.nl/public_html/vendor/laravel/framework/src/Illuminate/Pipeline/Pipeline.php(116): Illuminate\\Pipeline\\Pipeline->Illuminate\\Pipeline\\{closure}()
#14 /home/zrqraljktk/domains/so-crates.nl/public_html/vendor/laravel/framework/src/Illuminate/Routing/Router.php(728): Illuminate\\Pipeline\\Pipeline->then()
#15 /home/zrqraljktk/domains/so-crates.nl/public_html/vendor/laravel/framework/src/Illuminate/Routing/Router.php(705): Illuminate\\Routing\\Router->runRouteWithinStack()
#16 /home/zrqraljktk/domains/so-crates.nl/public_html/vendor/laravel/framework/src/Illuminate/Routing/Router.php(669): Illuminate\\Routing\\Router->runRoute()
#17 /home/zrqraljktk/domains/so-crates.nl/public_html/vendor/laravel/framework/src/Illuminate/Routing/Router.php(658): Illuminate\\Routing\\Router->dispatchToRoute()
#18 /home/zrqraljktk/domains/so-crates.nl/public_html/vendor/laravel/framework/src/Illuminate/Foundation/Http/Kernel.php(190): Illuminate\\Routing\\Router->dispatch()
#19 /home/zrqraljktk/domains/so-crates.nl/public_html/vendor/laravel/framework/src/Illuminate/Pipeline/Pipeline.php(141): Illuminate\\Foundation\\Http\\Kernel->Illuminate\\Foundation\\Http\\{closure}()
#20 /home/zrqraljktk/domains/so-crates.nl/public_html/vendor/laravel/framework/src/Illuminate/Foundation/Http/Middleware/TransformsRequest.php(21): Illuminate\\Pipeline\\Pipeline->Illuminate\\Pipeline\\{closure}()
#21 /home/zrqraljktk/domains/so-crates.nl/public_html/vendor/laravel/framework/src/Illuminate/Foundation/Http/Middleware/ConvertEmptyStringsToNull.php(31): Illuminate\\Foundation\\Http\\Middleware\\TransformsRequest->handle()
#22 /home/zrqraljktk/domains/so-crates.nl/public_html/vendor/laravel/framework/src/Illuminate/Pipeline/Pipeline.php(180): Illuminate\\Foundation\\Http\\Middleware\\ConvertEmptyStringsToNull->handle()
#23 /home/zrqraljktk/domains/so-crates.nl/public_html/vendor/laravel/framework/src/Illuminate/Foundation/Http/Middleware/TransformsRequest.php(21): Illuminate\\Pipeline\\Pipeline->Illuminate\\Pipeline\\{closure}()
#24 /home/zrqraljktk/domains/so-crates.nl/public_html/vendor/laravel/framework/src/Illuminate/Foundation/Http/Middleware/TrimStrings.php(40): Illuminate\\Foundation\\Http\\Middleware\\TransformsRequest->handle()
#25 /home/zrqraljktk/domains/so-crates.nl/public_html/vendor/laravel/framework/src/Illuminate/Pipeline/Pipeline.php(180): Illuminate\\Foundation\\Http\\Middleware\\TrimStrings->handle()
#26 /home/zrqraljktk/domains/so-crates.nl/public_html/vendor/laravel/framework/src/Illuminate/Foundation/Http/Middleware/ValidatePostSize.php(27): Illuminate\\Pipeline\\Pipeline->Illuminate\\Pipeline\\{closure}()
#27 /home/zrqraljktk/domains/so-crates.nl/public_html/vendor/laravel/framework/src/Illuminate/Pipeline/Pipeline.php(180): Illuminate\\Foundation\\Http\\Middleware\\ValidatePostSize->handle()
#28 /home/zrqraljktk/domains/so-crates.nl/public_html/vendor/laravel/framework/src/Illuminate/Foundation/Http/Middleware/PreventRequestsDuringMaintenance.php(86): Illuminate\\Pipeline\\Pipeline->Illuminate\\Pipeline\\{closure}()
#29 /home/zrqraljktk/domains/so-crates.nl/public_html/vendor/laravel/framework/src/Illuminate/Pipeline/Pipeline.php(180): Illuminate\\Foundation\\Http\\Middleware\\PreventRequestsDuringMaintenance->handle()
#30 /home/zrqraljktk/domains/so-crates.nl/public_html/vendor/laravel/framework/src/Illuminate/Http/Middleware/HandleCors.php(49): Illuminate\\Pipeline\\Pipeline->Illuminate\\Pipeline\\{closure}()
#31 /home/zrqraljktk/domains/so-crates.nl/public_html/vendor/laravel/framework/src/Illuminate/Pipeline/Pipeline.php(180): Illuminate\\Http\\Middleware\\HandleCors->handle()
#32 /home/zrqraljktk/domains/so-crates.nl/public_html/vendor/laravel/framework/src/Illuminate/Http/Middleware/TrustProxies.php(39): Illuminate\\Pipeline\\Pipeline->Illuminate\\Pipeline\\{closure}()
#33 /home/zrqraljktk/domains/so-crates.nl/public_html/vendor/laravel/framework/src/Illuminate/Pipeline/Pipeline.php(180): Illuminate\\Http\\Middleware\\TrustProxies->handle()
#34 /home/zrqraljktk/domains/so-crates.nl/public_html/vendor/laravel/framework/src/Illuminate/Pipeline/Pipeline.php(116): Illuminate\\Pipeline\\Pipeline->Illuminate\\Pipeline\\{closure}()
#35 /home/zrqraljktk/domains/so-crates.nl/public_html/vendor/laravel/framework/src/Illuminate/Foundation/Http/Kernel.php(165): Illuminate\\Pipeline\\Pipeline->then()
#36 /home/zrqraljktk/domains/so-crates.nl/public_html/vendor/laravel/framework/src/Illuminate/Foundation/Http/Kernel.php(134): Illuminate\\Foundation\\Http\\Kernel->sendRequestThroughRouter()
#37 /home/zrqraljktk/domains/so-crates.nl/public_html/index.php(52): Illuminate\\Foundation\\Http\\Kernel->handle()
#38 {main}
"} 
